SF:lib\core\services\auth_error_service.dart
DA:12,2
DA:15,2
DA:17,1
DA:19,3
DA:30,1
DA:36,2
DA:37,1
DA:41,1
DA:45,1
DA:46,1
DA:47,1
DA:48,1
DA:49,1
DA:50,1
DA:51,1
DA:52,1
DA:53,1
DA:54,1
DA:55,1
DA:56,1
DA:57,1
DA:58,1
DA:59,1
DA:60,1
DA:61,1
DA:62,1
DA:71,1
DA:77,1
DA:78,1
DA:79,1
DA:80,1
DA:81,1
DA:84,1
DA:85,1
DA:86,1
DA:87,1
DA:91,1
DA:93,1
DA:94,1
DA:95,1
DA:96,1
DA:99,1
DA:100,1
DA:101,1
DA:102,1
DA:106,1
DA:108,1
DA:112,1
DA:113,1
DA:114,1
DA:123,1
DA:128,1
DA:129,1
DA:131,1
LF:54
LH:54
end_of_record
SF:lib\presentation\providers\auth_provider.dart
DA:46,8
DA:55,0
DA:64,0
DA:65,0
DA:66,0
DA:67,0
DA:68,0
DA:70,0
DA:71,0
DA:75,0
DA:76,0
DA:77,0
DA:80,0
DA:81,0
DA:82,0
DA:85,0
DA:86,0
DA:87,0
DA:92,0
DA:93,0
DA:94,0
DA:100,0
DA:103,0
DA:112,0
DA:120,0
DA:121,0
DA:122,0
DA:123,0
DA:124,0
DA:125,0
DA:134,0
DA:137,0
DA:142,0
DA:144,0
DA:145,0
DA:148,0
DA:152,0
DA:156,0
DA:157,0
DA:160,0
DA:161,0
DA:162,0
DA:163,0
DA:165,0
DA:166,0
DA:167,0
DA:174,0
DA:175,0
DA:178,0
DA:179,0
DA:182,0
DA:186,0
DA:188,0
DA:189,0
DA:190,0
DA:191,0
DA:193,0
DA:200,0
DA:206,0
DA:207,0
DA:213,0
DA:216,0
DA:219,0
DA:220,0
DA:225,0
DA:228,0
DA:230,0
DA:231,0
DA:232,0
DA:237,0
DA:238,0
DA:240,0
DA:242,0
DA:246,0
DA:248,0
DA:251,0
DA:254,0
DA:257,0
DA:258,0
DA:260,0
DA:264,0
DA:266,0
DA:267,0
DA:270,0
DA:272,0
DA:273,0
DA:278,0
DA:280,0
DA:281,0
DA:285,0
DA:286,0
DA:289,0
DA:290,0
DA:301,0
DA:309,0
DA:314,0
DA:318,0
DA:319,0
DA:322,0
DA:323,0
DA:326,0
DA:327,0
DA:328,0
DA:332,0
DA:333,0
DA:335,0
DA:340,0
DA:341,0
DA:342,0
DA:346,0
DA:355,0
DA:356,0
DA:358,0
DA:374,0
DA:380,0
DA:382,0
DA:384,0
DA:391,0
DA:404,0
DA:409,0
DA:412,0
DA:413,0
DA:416,0
DA:417,0
DA:418,0
DA:421,0
DA:423,0
DA:428,0
DA:435,0
DA:438,0
DA:439,0
DA:440,0
DA:450,0
DA:455,0
DA:458,0
DA:459,0
DA:460,0
DA:461,0
DA:464,0
DA:465,0
DA:466,0
DA:469,0
DA:470,0
DA:471,0
DA:472,0
DA:475,0
DA:476,0
DA:479,0
DA:482,0
DA:489,0
DA:492,0
DA:494,0
DA:499,0
DA:506,0
DA:509,0
DA:510,0
DA:511,0
DA:523,0
DA:524,0
DA:525,0
DA:528,0
DA:529,0
DA:533,0
DA:534,0
DA:538,0
DA:543,0
DA:544,0
DA:548,0
DA:549,0
DA:554,0
DA:555,0
DA:558,0
DA:559,0
DA:560,0
DA:562,0
DA:569,0
DA:570,0
DA:571,0
DA:575,0
DA:577,0
DA:578,0
DA:581,0
DA:582,0
DA:586,0
DA:587,0
DA:595,0
DA:597,0
LF:187
LH:1
end_of_record
SF:lib\presentation\providers\auth_provider.g.dart
DA:9,0
DA:15,0
DA:28,0
DA:34,0
DA:35,0
LF:5
LH:0
end_of_record
SF:lib\core\utils\app_logger.dart
DA:6,24
DA:7,8
DA:19,0
DA:24,8
DA:25,8
DA:26,24
DA:30,1
DA:31,1
DA:32,3
DA:36,5
DA:37,5
DA:38,15
DA:42,5
DA:48,4
DA:49,15
DA:53,0
DA:61,0
DA:63,0
DA:64,0
DA:67,0
DA:68,0
DA:74,0
DA:80,0
DA:81,0
DA:82,0
DA:83,0
DA:84,0
DA:85,0
DA:87,0
DA:91,0
DA:97,0
DA:98,0
DA:99,0
DA:100,0
DA:101,0
DA:102,0
DA:104,0
DA:105,0
DA:107,0
DA:112,0
DA:113,0
DA:114,0
DA:115,0
DA:116,0
DA:117,0
DA:118,0
DA:120,0
DA:124,0
DA:125,0
DA:126,0
LF:50
LH:14
end_of_record
SF:lib\core\constants\api_constants.dart
DA:3,0
DA:47,0
DA:99,0
DA:100,0
DA:103,0
DA:106,0
DA:111,0
DA:158,0
DA:182,0
DA:207,0
DA:252,0
DA:274,1
DA:275,1
DA:280,1
DA:281,1
DA:282,0
DA:284,0
DA:285,0
DA:288,0
DA:289,0
DA:291,0
DA:306,0
DA:387,1
DA:389,1
DA:391,1
DA:393,1
DA:395,1
DA:397,1
DA:406,1
DA:407,1
DA:408,1
DA:412,1
DA:417,1
DA:419,1
DA:420,1
DA:422,1
DA:423,1
DA:426,0
DA:435,1
DA:437,1
DA:439,0
DA:441,0
DA:450,0
DA:451,0
DA:452,0
DA:456,1
DA:461,1
DA:462,1
DA:467,0
DA:468,0
DA:473,0
DA:478,0
DA:481,0
DA:482,0
DA:483,0
DA:484,0
DA:490,1
DA:491,1
DA:495,1
DA:500,1
DA:506,1
DA:509,1
DA:510,0
LF:63
LH:30
end_of_record
SF:lib\core\constants\storage_keys.dart
DA:3,0
LF:1
LH:0
end_of_record
SF:lib\core\crypto\nai_crypto_service.dart
DA:25,0
DA:27,0
DA:30,0
DA:33,0
DA:35,0
DA:47,0
DA:48,0
DA:52,0
DA:53,0
DA:59,0
DA:64,0
DA:72,0
DA:73,0
DA:78,0
DA:79,0
DA:82,0
DA:85,0
DA:86,0
DA:88,0
DA:91,0
DA:96,0
DA:102,0
DA:106,0
DA:107,0
DA:110,0
DA:112,0
DA:118,0
DA:119,0
DA:121,0
DA:123,0
DA:128,0
DA:129,0
DA:133,0
DA:136,0
DA:137,0
DA:139,0
DA:144,0
DA:146,0
LF:38
LH:0
end_of_record
SF:lib\core\crypto\nai_crypto_service.g.dart
DA:9,0
DA:15,0
LF:2
LH:0
end_of_record
SF:lib\core\network\dio_client.dart
DA:14,0
DA:16,0
DA:17,0
DA:25,0
DA:28,0
DA:31,0
DA:32,0
DA:49,0
DA:51,0
DA:56,0
DA:59,0
DA:60,0
DA:61,0
DA:66,0
DA:67,0
DA:68,0
DA:69,0
DA:74,0
DA:75,0
DA:77,0
DA:78,0
DA:79,0
DA:80,0
DA:84,0
DA:85,0
DA:90,0
DA:93,0
DA:96,0
DA:97,0
DA:98,0
DA:102,0
DA:103,0
DA:104,0
DA:109,0
DA:110,0
DA:114,0
DA:118,0
DA:120,0
DA:127,0
DA:133,0
DA:136,0
DA:137,0
DA:138,0
DA:139,0
DA:140,0
DA:145,0
DA:146,0
DA:149,0
DA:152,0
DA:153,0
DA:156,0
DA:159,0
DA:162,0
DA:163,0
DA:165,0
DA:168,0
DA:172,0
DA:175,0
DA:176,0
DA:177,0
DA:178,0
DA:179,0
DA:184,0
DA:187,0
DA:188,0
DA:191,0
DA:192,0
DA:193,0
DA:198,0
DA:200,0
DA:202,0
DA:204,0
DA:206,0
DA:208,0
DA:210,0
DA:212,0
DA:214,0
DA:216,0
DA:219,0
LF:79
LH:0
end_of_record
SF:lib\core\network\dio_client.g.dart
DA:9,0
DA:15,0
LF:2
LH:0
end_of_record
SF:lib\core\storage\secure_storage_service.dart
DA:16,0
DA:18,0
DA:31,0
DA:33,0
DA:36,0
DA:38,0
DA:44,0
DA:46,0
DA:47,0
DA:53,0
DA:54,0
DA:56,0
DA:60,0
DA:66,0
DA:67,0
DA:69,0
DA:74,0
DA:75,0
DA:77,0
DA:81,0
DA:82,0
DA:85,0
DA:88,0
DA:94,0
DA:95,0
DA:99,0
DA:100,0
DA:106,0
DA:111,0
DA:112,0
DA:113,0
DA:114,0
DA:119,0
DA:121,0
DA:123,0
DA:124,0
DA:125,0
DA:126,0
DA:131,0
DA:133,0
DA:135,0
DA:141,0
DA:142,0
DA:143,0
DA:149,0
DA:150,0
DA:154,0
DA:155,0
DA:159,0
DA:160,0
DA:161,0
DA:167,0
DA:168,0
DA:172,0
DA:173,0
DA:177,0
DA:178,0
DA:184,0
DA:186,0
LF:59
LH:0
end_of_record
SF:lib\core\storage\secure_storage_service.g.dart
DA:9,0
DA:17,0
LF:2
LH:0
end_of_record
SF:lib\core\utils\nai_api_utils.dart
DA:15,1
DA:16,3
DA:25,0
DA:27,0
DA:29,0
DA:33,0
DA:34,0
DA:36,0
DA:37,0
DA:45,0
DA:52,0
DA:53,0
DA:54,0
DA:55,0
DA:56,0
DA:57,0
DA:58,0
DA:62,0
DA:63,0
DA:64,0
DA:65,0
DA:66,0
DA:77,0
DA:78,0
DA:79,0
DA:80,0
DA:90,0
DA:94,0
DA:98,0
DA:99,0
DA:100,0
DA:105,0
DA:106,0
DA:107,0
DA:112,0
DA:113,0
DA:115,0
DA:124,0
DA:125,0
DA:130,0
DA:131,0
DA:133,0
DA:134,0
DA:136,0
DA:139,0
DA:140,0
DA:143,0
DA:144,0
DA:145,0
DA:146,0
DA:152,0
DA:157,0
DA:162,0
DA:163,0
DA:164,0
DA:165,0
DA:166,0
DA:167,0
DA:168,0
DA:169,0
DA:170,0
DA:171,0
DA:172,0
DA:173,0
DA:179,0
DA:180,0
DA:181,0
DA:182,0
DA:183,0
DA:184,0
DA:185,0
DA:188,0
DA:190,0
LF:73
LH:2
end_of_record
SF:lib\core\utils\zip_utils.dart
DA:7,0
DA:13,0
DA:15,0
DA:17,0
DA:18,0
DA:19,0
DA:30,2
DA:31,2
DA:34,4
DA:36,0
DA:37,0
DA:38,0
DA:39,0
DA:40,0
DA:41,0
DA:42,0
DA:54,0
DA:57,0
DA:60,0
DA:62,0
DA:63,0
DA:64,0
DA:65,0
DA:66,0
DA:67,0
DA:68,0
DA:70,0
DA:71,0
LF:28
LH:3
end_of_record
SF:lib\data\datasources\remote\nai_api_service.dart
DA:47,0
DA:50,0
DA:51,0
DA:52,0
DA:53,0
DA:54,0
DA:63,0
DA:65,0
DA:73,0
DA:75,0
DA:81,0
DA:83,0
DA:94,0
DA:99,0
DA:105,0
DA:110,0
DA:123,0
DA:128,0
DA:135,0
DA:140,0
DA:145,0
DA:147,0
DA:157,0
DA:159,0
DA:171,0
DA:177,0
DA:189,0
DA:195,0
DA:220,0
DA:227,0
DA:240,0
DA:246,0
DA:250,0
DA:252,0
DA:260,0
DA:266,0
DA:270,0
DA:272,0
DA:276,0
DA:278,0
DA:282,0
DA:284,0
DA:303,0
DA:308,0
DA:314,0
DA:316,0
DA:320,0
DA:322,0
DA:326,0
DA:328,0
DA:332,0
DA:334,0
DA:340,0
DA:342,0
DA:354,0
DA:362,0
DA:363,0
DA:364,0
LF:58
LH:0
end_of_record
SF:lib\data\datasources\remote\nai_api_service.g.dart
DA:9,0
DA:15,0
LF:2
LH:0
end_of_record
SF:lib\data\models\image\image_params.dart
DA:18,1
DA:20,1
DA:22,1
DA:24,1
DA:61,0
DA:81,0
DA:82,0
DA:83,0
DA:84,0
DA:86,0
DA:87,0
DA:223,0
DA:224,0
DA:230,1
DA:231,4
DA:234,1
DA:235,4
DA:238,0
DA:241,0
DA:244,0
DA:247,0
DA:250,0
DA:253,0
DA:254,0
DA:257,0
DA:258,0
DA:261,0
DA:264,0
DA:267,0
DA:268,0
DA:271,0
DA:272,0
DA:273,0
DA:274,0
DA:287,0
DA:288,0
DA:322,0
DA:323,0
LF:38
LH:8
end_of_record
SF:lib\data\models\image\image_params.g.dart
DA:9,0
DA:10,0
DA:11,0
DA:12,0
DA:13,0
DA:14,0
DA:15,0
DA:16,0
DA:17,0
DA:18,0
DA:19,0
DA:20,0
DA:21,0
DA:22,0
DA:23,0
DA:24,0
DA:25,0
DA:26,0
DA:27,0
DA:28,0
DA:29,0
DA:30,0
DA:31,0
DA:32,0
DA:34,0
DA:36,0
DA:37,0
DA:38,0
DA:40,0
DA:42,0
DA:45,0
DA:46,0
DA:47,0
DA:48,0
DA:49,0
DA:50,0
DA:51,0
DA:52,0
DA:53,0
DA:54,0
DA:55,0
DA:56,0
DA:57,0
DA:58,0
DA:59,0
DA:60,0
DA:61,0
DA:62,0
DA:63,0
DA:64,0
DA:65,0
DA:66,0
DA:67,0
DA:68,0
DA:69,0
DA:70,0
DA:71,0
DA:72,0
DA:73,0
DA:74,0
DA:83,0
DA:85,0
DA:86,0
DA:87,0
DA:88,0
DA:89,0
DA:90,0
DA:93,0
DA:95,0
DA:96,0
DA:97,0
DA:98,0
DA:99,0
DA:102,0
DA:104,0
DA:105,0
DA:106,0
DA:107,0
DA:108,0
DA:109,0
DA:110,0
DA:111,0
DA:112,0
DA:113,0
DA:114,0
DA:115,0
DA:116,0
DA:117,0
DA:118,0
DA:119,0
DA:120,0
DA:122,0
DA:123,0
DA:124,0
DA:126,0
DA:127,0
DA:128,0
DA:130,0
DA:131,0
DA:132,0
DA:135,0
DA:137,0
DA:138,0
DA:139,0
DA:140,0
DA:141,0
DA:142,0
DA:143,0
DA:144,0
DA:145,0
DA:146,0
DA:147,0
DA:148,0
DA:149,0
DA:150,0
DA:151,0
DA:152,0
DA:153,0
DA:154,0
DA:155,0
DA:157,0
LF:121
LH:0
end_of_record
SF:lib\data\models\image\image_stream_chunk.dart
DA:29,1
DA:40,0
DA:46,0
DA:55,0
DA:56,0
DA:64,1
DA:65,1
DA:72,0
DA:75,0
DA:78,4
LF:10
LH:4
end_of_record
SF:lib\data\models\tag\tag_suggestion.dart
DA:26,0
DA:27,0
DA:28,0
DA:29,0
DA:33,0
DA:35,0
DA:37,0
DA:39,0
DA:41,0
DA:43,0
DA:66,1
DA:67,1
DA:73,0
DA:76,0
DA:77,0
DA:78,0
DA:79,0
DA:80,0
DA:82,0
DA:86,0
DA:96,0
DA:97,0
LF:22
LH:2
end_of_record
SF:lib\data\models\tag\tag_suggestion.g.dart
DA:9,1
DA:10,1
DA:11,1
DA:12,2
DA:13,1
DA:14,1
DA:17,0
DA:18,0
DA:19,0
DA:20,0
DA:21,0
DA:22,0
DA:25,0
DA:27,0
DA:28,0
DA:29,0
DA:30,0
DA:34,0
DA:36,0
DA:37,0
LF:20
LH:6
end_of_record
SF:lib\data\datasources\remote\nai_auth_api_service.dart
DA:22,1
DA:31,1
DA:33,1
DA:35,2
DA:37,1
DA:38,1
DA:39,1
DA:46,1
DA:47,1
DA:48,1
DA:49,2
DA:50,2
DA:51,2
DA:52,1
DA:53,2
DA:54,3
DA:55,3
DA:56,1
DA:58,3
DA:62,0
DA:72,1
DA:74,1
DA:76,2
DA:78,1
DA:79,1
DA:80,1
DA:88,1
DA:89,1
DA:90,1
DA:91,2
DA:92,2
DA:93,2
DA:94,1
DA:95,2
DA:96,3
DA:97,3
DA:98,1
DA:100,3
DA:104,0
DA:112,1
DA:113,3
DA:118,0
DA:120,0
DA:121,0
DA:129,0
DA:130,0
DA:131,0
DA:135,0
DA:139,0
DA:141,0
LF:50
LH:39
end_of_record
SF:lib\data\datasources\remote\nai_auth_api_service.g.dart
DA:9,0
DA:15,0
LF:2
LH:0
end_of_record
SF:lib\data\datasources\remote\nai_image_enhancement_api_service.dart
DA:25,1
DA:36,1
DA:42,2
DA:44,2
DA:46,1
DA:47,1
DA:51,1
DA:56,1
DA:57,1
DA:58,1
DA:59,2
DA:60,2
DA:61,2
DA:62,1
DA:63,2
DA:64,3
DA:66,3
DA:70,0
DA:84,1
DA:90,1
DA:91,1
DA:95,2
DA:97,1
DA:98,1
DA:102,1
DA:108,1
DA:109,1
DA:111,3
DA:113,1
DA:114,2
DA:115,2
DA:116,2
DA:117,1
DA:118,2
DA:119,3
DA:121,0
DA:125,0
DA:148,1
DA:155,2
DA:157,1
DA:158,1
DA:160,1
DA:163,1
DA:164,1
DA:167,2
DA:170,1
DA:172,1
DA:179,1
DA:180,1
DA:182,1
DA:183,1
DA:186,0
DA:187,0
DA:188,1
DA:189,2
DA:190,2
DA:191,2
DA:192,1
DA:193,2
DA:194,3
DA:196,3
DA:200,1
DA:210,0
DA:215,0
DA:224,1
DA:225,1
DA:233,0
DA:238,0
DA:247,0
DA:248,0
DA:252,0
DA:253,0
DA:257,0
DA:258,0
DA:277,1
DA:282,2
DA:284,2
DA:286,1
DA:287,1
DA:290,1
DA:291,1
DA:297,1
DA:299,1
DA:301,1
DA:304,1
DA:306,1
DA:307,2
DA:308,2
DA:309,2
DA:310,1
DA:311,2
DA:312,3
DA:314,0
DA:318,0
DA:326,1
DA:327,1
DA:332,1
DA:333,1
DA:338,1
DA:339,1
DA:344,1
DA:346,1
DA:352,0
DA:354,0
DA:355,0
LF:105
LH:85
end_of_record
SF:lib\data\datasources\remote\nai_image_enhancement_api_service.g.dart
DA:9,0
DA:16,0
DA:17,0
LF:3
LH:0
end_of_record
SF:lib\data\datasources\remote\nai_image_generation_api_service.dart
DA:27,1
DA:37,1
DA:38,2
DA:40,0
DA:41,0
DA:42,0
DA:49,0
DA:50,0
DA:75,1
DA:81,4
DA:82,2
DA:83,1
DA:90,2
DA:92,2
DA:96,1
DA:101,3
DA:104,6
DA:108,1
DA:109,3
DA:110,0
DA:116,1
DA:117,1
DA:118,1
DA:119,1
DA:120,1
DA:123,1
DA:124,1
DA:125,1
DA:126,1
DA:127,2
DA:129,1
DA:130,1
DA:131,1
DA:132,1
DA:134,2
DA:137,1
DA:138,2
DA:139,1
DA:140,0
DA:142,0
DA:143,1
DA:154,2
DA:155,0
DA:159,1
DA:161,3
DA:162,2
DA:166,2
DA:168,1
DA:170,1
DA:172,1
DA:173,1
DA:175,1
DA:179,1
DA:181,0
DA:184,0
DA:185,0
DA:186,0
DA:192,0
DA:193,0
DA:194,0
DA:196,0
DA:200,0
DA:201,0
DA:202,0
DA:204,0
DA:206,0
DA:207,0
DA:208,0
DA:209,0
DA:210,0
DA:211,0
DA:214,0
DA:215,0
DA:216,0
DA:218,0
DA:221,0
DA:222,0
DA:223,0
DA:225,0
DA:228,0
DA:229,0
DA:230,0
DA:231,0
DA:237,0
DA:238,0
DA:242,0
DA:248,0
DA:249,0
DA:257,0
DA:261,1
DA:262,4
DA:265,1
DA:266,1
DA:271,1
DA:272,0
DA:273,0
DA:274,0
DA:277,0
DA:278,0
DA:279,0
DA:280,0
DA:283,0
DA:284,0
DA:288,0
DA:289,0
DA:295,2
DA:298,2
DA:299,1
DA:300,3
DA:301,2
DA:302,2
DA:306,2
DA:307,1
DA:308,1
DA:309,3
DA:310,3
DA:314,2
DA:315,0
DA:316,0
DA:317,0
DA:318,0
DA:319,0
DA:320,0
DA:327,2
DA:329,0
DA:330,0
DA:333,0
DA:334,0
DA:335,0
DA:338,0
DA:339,0
DA:342,0
DA:343,0
DA:344,0
DA:345,0
DA:346,0
DA:347,0
DA:348,0
DA:354,0
DA:355,0
DA:356,0
DA:357,0
DA:361,0
DA:362,0
DA:363,0
DA:364,0
DA:366,0
DA:367,0
DA:368,0
DA:369,0
DA:371,0
DA:372,0
DA:373,0
DA:377,0
DA:378,0
DA:383,0
DA:384,0
DA:392,0
DA:393,0
DA:394,0
DA:395,0
DA:398,0
DA:399,0
DA:407,1
DA:409,0
DA:411,0
DA:412,0
DA:413,0
DA:415,0
DA:418,0
DA:419,0
DA:420,0
DA:421,0
DA:423,0
DA:427,0
DA:429,0
DA:430,0
DA:431,0
DA:432,0
DA:434,0
DA:436,0
DA:437,0
DA:441,1
DA:443,1
DA:449,1
DA:450,2
DA:455,1
DA:456,0
DA:457,0
DA:458,0
DA:461,0
DA:464,0
DA:465,0
DA:466,0
DA:467,0
DA:468,0
DA:472,0
DA:473,0
DA:476,0
DA:477,0
DA:481,0
DA:482,0
DA:485,0
DA:486,0
DA:489,0
DA:490,0
DA:493,0
DA:494,0
DA:497,0
DA:498,0
DA:503,0
DA:504,0
DA:505,0
DA:508,0
DA:509,0
DA:510,0
DA:511,0
DA:512,0
DA:514,0
DA:515,0
DA:516,0
DA:517,0
DA:518,0
DA:520,0
DA:521,0
DA:522,0
DA:524,0
DA:525,0
DA:526,0
DA:529,0
DA:533,2
DA:536,1
DA:538,1
DA:540,1
DA:547,1
DA:548,1
DA:550,1
DA:551,1
DA:557,1
DA:565,1
DA:569,1
DA:574,1
DA:575,1
DA:576,1
DA:586,1
DA:589,4
DA:590,2
DA:591,1
DA:599,2
DA:601,2
DA:606,5
DA:610,1
DA:611,3
DA:612,0
DA:617,1
DA:618,1
DA:619,1
DA:620,1
DA:621,1
DA:624,1
DA:625,1
DA:626,1
DA:627,1
DA:628,2
DA:629,1
DA:630,1
DA:631,1
DA:632,1
DA:633,1
DA:635,2
DA:638,1
DA:639,2
DA:640,1
DA:641,0
DA:643,0
DA:644,1
DA:657,2
DA:658,0
DA:662,1
DA:664,3
DA:665,2
DA:669,2
DA:671,1
DA:673,1
DA:675,1
DA:676,1
DA:678,1
DA:682,1
DA:683,0
DA:684,0
DA:685,0
DA:686,0
DA:690,0
DA:691,0
DA:692,0
DA:694,0
DA:697,0
DA:698,0
DA:699,0
DA:700,0
DA:701,0
DA:702,0
DA:703,0
DA:704,0
DA:705,0
DA:706,0
DA:709,0
DA:710,0
DA:711,0
DA:713,0
DA:716,0
DA:717,0
DA:718,0
DA:720,0
DA:723,0
DA:724,0
DA:725,0
DA:726,0
DA:731,0
DA:732,0
DA:736,0
DA:740,0
DA:741,0
DA:748,0
DA:752,2
DA:753,0
DA:754,0
DA:755,0
DA:756,0
DA:760,2
DA:761,0
DA:762,0
DA:763,0
DA:764,0
DA:768,2
DA:769,0
DA:770,0
DA:771,0
DA:772,0
DA:773,0
DA:774,0
DA:780,2
DA:782,0
DA:783,0
DA:786,0
DA:787,0
DA:788,0
DA:790,0
DA:791,0
DA:792,0
DA:793,0
DA:794,0
DA:795,0
DA:797,0
DA:800,0
DA:801,0
DA:802,0
DA:805,0
DA:806,0
DA:807,0
DA:808,0
DA:812,0
DA:813,0
DA:814,0
DA:817,0
DA:820,0
DA:821,0
DA:822,0
DA:823,0
DA:825,0
DA:826,0
DA:827,0
DA:828,0
DA:829,0
DA:834,0
DA:840,0
DA:841,0
DA:849,0
DA:850,0
DA:851,0
DA:852,0
DA:855,0
DA:856,0
DA:863,1
DA:864,0
DA:865,0
DA:866,0
DA:869,0
DA:872,0
DA:873,0
DA:874,0
DA:875,0
DA:876,0
DA:880,0
DA:881,0
DA:884,0
DA:885,0
DA:890,0
DA:892,0
DA:893,0
DA:894,0
DA:896,0
DA:899,0
DA:900,0
DA:901,0
DA:902,0
DA:904,0
DA:908,0
DA:910,0
DA:911,0
DA:912,0
DA:913,0
DA:915,0
DA:917,0
DA:918,0
DA:923,1
DA:925,1
DA:926,2
DA:932,1
DA:933,2
DA:934,3
DA:935,4
DA:936,2
DA:937,3
DA:938,3
DA:939,2
DA:941,1
DA:942,0
DA:943,0
DA:944,0
DA:947,0
DA:948,0
DA:951,0
DA:952,0
DA:955,0
DA:956,0
DA:959,0
DA:960,0
DA:963,0
DA:964,0
DA:968,1
DA:969,0
DA:970,0
DA:973,0
DA:974,0
DA:979,1
DA:980,1
DA:981,1
DA:984,1
DA:985,0
DA:986,0
DA:987,0
DA:988,0
DA:990,1
DA:991,0
DA:992,0
DA:993,0
DA:994,0
DA:996,1
DA:997,0
DA:998,0
DA:1000,1
DA:1001,1
DA:1002,2
DA:1005,1
DA:1008,2
DA:1011,1
DA:1012,1
DA:1014,1
DA:1022,0
DA:1023,0
DA:1026,0
DA:1028,0
DA:1029,0
DA:1030,0
DA:1034,0
DA:1037,0
DA:1039,0
DA:1040,0
DA:1041,0
DA:1042,0
DA:1045,0
DA:1051,0
DA:1052,0
DA:1055,0
DA:1056,0
DA:1058,0
DA:1060,0
DA:1061,0
DA:1062,0
DA:1067,0
DA:1068,0
DA:1069,0
DA:1073,0
DA:1075,0
DA:1076,0
DA:1077,0
DA:1079,0
DA:1081,0
DA:1085,0
DA:1087,0
DA:1088,0
DA:1089,0
DA:1090,0
DA:1093,0
DA:1094,0
DA:1102,0
DA:1103,0
DA:1104,0
DA:1109,0
DA:1115,0
DA:1116,0
DA:1121,0
DA:1123,0
DA:1126,0
DA:1128,0
DA:1129,0
DA:1130,0
DA:1131,0
DA:1137,0
DA:1138,0
DA:1139,0
DA:1140,0
DA:1141,0
DA:1142,0
DA:1143,0
DA:1144,0
DA:1145,0
DA:1146,0
DA:1147,0
DA:1148,0
DA:1150,0
DA:1151,0
DA:1152,0
DA:1153,0
DA:1155,0
DA:1156,0
DA:1158,0
DA:1159,0
DA:1160,0
DA:1171,0
DA:1175,0
DA:1177,0
DA:1180,0
DA:1182,0
DA:1184,0
DA:1189,0
DA:1190,0
DA:1192,1
DA:1193,0
DA:1194,0
DA:1198,0
DA:1200,0
DA:1201,0
DA:1202,0
DA:1203,0
DA:1205,0
DA:1206,0
DA:1208,0
DA:1209,0
DA:1211,0
DA:1213,0
DA:1216,0
DA:1217,0
DA:1220,0
DA:1221,0
DA:1224,0
DA:1226,0
DA:1227,0
DA:1230,2
DA:1231,2
DA:1233,1
DA:1242,0
DA:1248,0
DA:1250,0
DA:1251,0
DA:1255,0
DA:1261,0
DA:1262,0
DA:1264,0
DA:1271,0
DA:1273,0
DA:1274,0
LF:583
LH:158
end_of_record
SF:lib\data\datasources\remote\nai_image_generation_api_service.g.dart
DA:9,0
DA:16,0
DA:17,0
LF:3
LH:0
end_of_record
SF:lib\data\datasources\remote\nai_tag_suggestion_api_service.dart
DA:22,1
DA:32,1
DA:36,3
DA:37,1
DA:42,1
DA:43,1
DA:46,1
DA:49,3
DA:51,2
DA:54,1
DA:61,1
DA:62,2
DA:67,1
DA:68,2
DA:69,1
DA:70,3
DA:71,1
DA:72,3
DA:76,1
DA:77,1
DA:80,1
DA:81,1
DA:82,2
DA:83,2
DA:84,1
DA:85,2
DA:86,1
DA:87,2
DA:91,3
DA:93,1
DA:95,0
DA:96,0
DA:108,1
DA:113,1
DA:114,1
DA:116,2
DA:117,3
DA:119,1
DA:124,0
DA:126,0
DA:127,0
DA:135,0
DA:136,0
DA:137,0
DA:141,0
DA:145,0
DA:147,0
LF:47
LH:36
end_of_record
SF:lib\data\datasources\remote\nai_tag_suggestion_api_service.g.dart
DA:9,0
DA:16,0
DA:17,0
LF:3
LH:0
end_of_record
SF:lib\data\datasources\remote\nai_user_info_api_service.dart
DA:21,1
DA:34,1
DA:36,1
DA:38,2
DA:40,1
DA:46,1
DA:47,1
DA:48,1
DA:49,2
DA:50,2
DA:51,2
DA:52,1
DA:53,2
DA:54,1
DA:55,2
DA:58,3
DA:59,1
DA:61,3
DA:65,0
DA:72,0
DA:74,0
DA:75,0
DA:83,0
DA:84,0
DA:85,0
DA:89,0
DA:93,0
DA:95,0
LF:28
LH:18
end_of_record
SF:lib\data\datasources\remote\nai_user_info_api_service.g.dart
DA:9,0
DA:16,0
LF:2
LH:0
end_of_record
SF:lib\data\models\vibe\vibe_reference_v4.dart
DA:24,0
DA:25,0
DA:26,0
DA:27,0
DA:30,0
DA:32,0
DA:34,0
DA:36,0
DA:38,0
LF:9
LH:0
end_of_record
SF:lib\data\models\auth\saved_account.dart
DA:19,0
DA:47,0
DA:48,0
DA:51,0
DA:58,0
DA:59,0
DA:63,0
DA:70,0
DA:73,0
DA:74,0
DA:75,0
DA:76,0
DA:77,0
DA:78,0
DA:79,0
DA:81,0
LF:16
LH:0
end_of_record
SF:lib\data\models\auth\saved_account.g.dart
DA:9,0
DA:10,0
DA:11,0
DA:12,0
DA:13,0
DA:14,0
DA:15,0
DA:16,0
DA:18,0
DA:19,0
DA:21,0
DA:25,0
DA:26,0
DA:27,0
DA:28,0
DA:29,0
DA:30,0
DA:31,0
DA:32,0
DA:33,0
DA:34,0
LF:21
LH:0
end_of_record
SF:lib\presentation\providers\account_manager_provider.dart
DA:17,8
DA:24,0
DA:25,0
DA:26,0
DA:29,0
DA:34,0
DA:35,0
DA:36,0
DA:50,0
DA:52,0
DA:57,0
DA:58,0
DA:61,0
DA:63,0
DA:64,0
DA:66,0
DA:68,0
DA:70,0
DA:71,0
DA:74,0
DA:79,0
DA:81,0
DA:87,0
DA:88,0
DA:89,0
DA:93,0
DA:94,0
DA:98,0
DA:99,0
DA:103,0
DA:104,0
DA:114,0
DA:123,0
DA:124,0
DA:126,0
DA:127,0
DA:129,0
DA:132,0
DA:135,0
DA:136,0
DA:140,0
DA:141,0
DA:142,0
DA:144,0
DA:149,0
DA:150,0
DA:151,0
DA:155,0
DA:158,0
DA:163,0
DA:166,0
DA:169,0
DA:170,0
DA:171,0
DA:172,0
DA:173,0
DA:176,0
DA:177,0
DA:182,0
DA:184,0
DA:187,0
DA:190,0
DA:191,0
DA:193,0
DA:197,0
DA:198,0
DA:202,0
DA:203,0
DA:204,0
DA:206,0
DA:208,0
DA:209,0
DA:213,0
DA:214,0
DA:215,0
DA:216,0
DA:218,0
DA:219,0
DA:223,0
DA:224,0
DA:225,0
DA:226,0
DA:229,0
DA:231,0
DA:232,0
DA:236,0
DA:237,0
DA:241,0
DA:242,0
DA:243,0
DA:245,0
DA:246,0
DA:248,0
DA:249,0
DA:250,0
LF:95
LH:1
end_of_record
SF:lib\presentation\providers\account_manager_provider.g.dart
DA:9,0
DA:16,0
DA:17,0
LF:3
LH:0
end_of_record
SF:lib\presentation\providers\bulk_operation_provider.dart
DA:62,4
DA:65,2
DA:66,4
DA:67,5
DA:71,4
DA:74,3
DA:82,1
DA:88,1
DA:90,2
DA:92,1
DA:93,1
DA:94,0
DA:97,0
DA:102,1
DA:106,1
DA:121,0
DA:130,0
DA:133,0
DA:135,0
DA:136,0
DA:139,0
DA:140,0
DA:141,0
DA:146,0
DA:147,0
DA:150,0
DA:152,0
DA:153,0
DA:162,0
DA:165,0
DA:167,0
DA:169,0
DA:172,0
DA:173,0
DA:189,0
DA:196,0
DA:198,0
DA:200,0
DA:202,0
DA:203,0
DA:212,0
DA:215,0
DA:217,0
DA:219,0
DA:220,0
DA:231,2
DA:233,2
DA:243,2
DA:245,8
DA:246,4
DA:247,4
DA:259,2
DA:260,2
DA:261,2
DA:264,4
DA:268,1
DA:274,2
DA:276,1
DA:282,4
DA:292,1
DA:293,2
DA:294,1
DA:297,2
DA:299,4
DA:303,2
DA:304,2
DA:307,1
DA:308,1
DA:314,0
DA:315,0
DA:319,0
DA:333,1
DA:338,1
DA:339,4
DA:345,0
DA:349,0
DA:355,0
DA:359,0
DA:365,0
DA:376,0
DA:381,0
DA:382,0
DA:386,0
DA:394,0
DA:395,0
DA:399,0
DA:413,1
DA:418,1
DA:419,1
DA:422,2
DA:423,4
DA:426,1
DA:429,0
DA:433,0
DA:440,0
DA:441,0
DA:442,0
DA:445,0
DA:449,0
DA:455,0
DA:465,0
DA:466,0
DA:467,0
DA:473,0
DA:475,0
DA:479,0
DA:480,0
DA:483,0
DA:484,0
DA:490,0
DA:491,0
DA:495,0
DA:508,1
DA:512,1
DA:513,1
DA:516,0
DA:520,0
DA:527,0
DA:528,0
DA:529,0
DA:532,0
DA:535,0
DA:541,0
DA:551,0
DA:552,0
DA:553,0
DA:557,0
DA:559,0
DA:563,0
DA:564,0
DA:567,0
DA:568,0
DA:574,0
DA:575,0
DA:579,0
DA:592,1
DA:596,1
DA:597,4
DA:603,0
DA:607,0
DA:613,0
DA:614,0
DA:619,0
DA:621,0
DA:625,0
DA:626,0
DA:632,0
DA:633,0
DA:637,0
DA:645,2
DA:646,4
DA:647,8
DA:654,2
DA:656,4
DA:657,2
DA:658,2
DA:662,1
DA:664,0
DA:665,0
DA:666,0
DA:673,2
DA:674,4
DA:675,8
DA:682,2
DA:684,4
DA:685,2
DA:686,2
DA:690,1
DA:692,0
DA:693,0
DA:694,0
DA:701,2
DA:702,4
DA:703,8
DA:707,2
DA:713,2
DA:714,8
DA:720,2
DA:721,2
LF:179
LH:75
end_of_record
SF:lib\presentation\providers\bulk_operation_provider.g.dart
DA:9,2
DA:16,4
DA:17,2
DA:30,2
DA:37,4
DA:38,2
LF:6
LH:6
end_of_record
SF:lib\core\utils\nai_metadata_parser.dart
DA:22,0
DA:24,0
DA:25,0
DA:30,0
DA:32,0
DA:36,0
DA:37,0
DA:42,0
DA:43,0
DA:44,0
DA:48,0
DA:49,0
DA:54,0
DA:56,0
DA:57,0
DA:58,0
DA:64,0
DA:82,0
DA:83,0
DA:84,0
DA:89,0
DA:90,0
DA:91,0
DA:92,0
DA:93,0
DA:95,0
DA:97,0
DA:98,0
DA:105,0
DA:106,0
DA:110,0
DA:111,0
DA:117,0
DA:119,0
DA:120,0
DA:123,0
DA:124,0
DA:125,0
DA:132,0
DA:133,0
DA:134,0
DA:138,0
DA:139,0
DA:140,0
DA:142,0
DA:151,0
DA:155,0
DA:156,0
DA:167,0
DA:171,0
DA:173,0
DA:176,0
DA:177,0
DA:178,0
DA:179,0
DA:181,0
DA:182,0
DA:184,0
DA:186,0
DA:187,0
DA:191,0
DA:192,0
DA:193,0
DA:194,0
DA:196,0
DA:197,0
DA:200,0
DA:201,0
DA:202,0
DA:204,0
DA:208,0
LF:71
LH:0
end_of_record
SF:lib\data\models\gallery\nai_image_metadata.dart
DA:87,0
DA:90,0
DA:91,0
DA:98,0
DA:107,0
DA:111,0
DA:116,0
DA:117,0
DA:121,0
DA:125,0
DA:126,0
DA:128,0
DA:129,0
DA:130,0
DA:131,0
DA:132,0
DA:133,0
DA:134,0
DA:135,0
DA:136,0
DA:137,0
DA:144,0
DA:145,0
DA:146,0
DA:147,0
DA:148,0
DA:149,0
DA:150,0
DA:151,0
DA:152,0
DA:153,0
DA:160,0
DA:161,0
DA:162,0
DA:163,0
DA:164,0
DA:165,0
DA:166,0
DA:167,0
DA:168,0
DA:169,0
DA:170,0
DA:171,0
DA:172,0
DA:173,0
DA:174,0
DA:175,0
DA:176,0
DA:177,0
DA:178,0
DA:181,0
DA:189,0
DA:192,0
DA:196,0
DA:197,0
DA:199,0
DA:200,0
DA:201,0
DA:202,0
DA:203,0
DA:204,0
DA:205,0
DA:208,0
DA:212,0
DA:213,0
DA:214,0
DA:220,0
DA:221,0
DA:223,0
DA:224,0
DA:225,0
DA:226,0
DA:227,0
DA:228,0
DA:229,0
DA:230,0
DA:232,0
LF:77
LH:0
end_of_record
SF:lib\data\models\gallery\nai_image_metadata.g.dart
DA:9,0
DA:11,0
DA:12,0
DA:13,0
DA:14,0
DA:15,0
DA:16,0
DA:17,0
DA:18,0
DA:19,0
DA:20,0
DA:21,0
DA:22,0
DA:23,0
DA:24,0
DA:25,0
DA:26,0
DA:27,0
DA:28,0
DA:29,0
DA:30,0
DA:31,0
DA:32,0
DA:33,0
DA:34,0
DA:35,0
DA:38,0
DA:39,0
DA:40,0
DA:42,0
DA:45,0
DA:47,0
DA:48,0
DA:49,0
DA:50,0
DA:51,0
DA:52,0
DA:53,0
DA:54,0
DA:55,0
DA:56,0
DA:57,0
DA:58,0
DA:59,0
DA:60,0
DA:61,0
DA:62,0
DA:63,0
DA:64,0
DA:65,0
DA:66,0
DA:67,0
DA:68,0
DA:69,0
DA:70,0
DA:71,0
LF:56
LH:0
end_of_record
SF:lib\data\models\gallery\image_collection.dart
DA:17,0
DA:19,0
DA:20,0
DA:23,0
DA:26,0
DA:29,0
LF:6
LH:0
end_of_record
SF:lib\data\models\gallery\image_collection.g.dart
DA:9,0
DA:11,0
DA:12,0
DA:13,0
DA:14,0
DA:15,0
DA:16,0
DA:17,0
DA:19,0
DA:22,0
DA:24,0
DA:25,0
DA:26,0
DA:27,0
DA:28,0
DA:29,0
LF:16
LH:0
end_of_record
SF:lib\data\models\gallery\local_image_record.dart
DA:27,0
DA:30,0
LF:2
LH:0
end_of_record
SF:lib\data\repositories\collection_repository.dart
DA:14,0
DA:17,0
DA:24,0
DA:28,0
DA:29,0
DA:31,0
DA:35,0
DA:39,0
DA:40,0
DA:41,0
DA:52,0
DA:54,0
DA:57,0
DA:59,0
DA:60,0
DA:72,0
DA:74,0
DA:75,0
DA:76,0
DA:78,0
DA:80,0
DA:82,0
DA:83,0
DA:89,0
DA:95,0
DA:103,0
DA:105,0
DA:106,0
DA:107,0
DA:112,0
DA:113,0
DA:126,0
DA:128,0
DA:129,0
DA:130,0
DA:135,0
DA:136,0
DA:150,0
DA:155,0
DA:157,0
DA:158,0
DA:165,0
DA:166,0
DA:168,0
DA:169,0
DA:170,0
DA:176,0
DA:177,0
DA:181,0
DA:183,0
DA:184,0
DA:188,0
DA:190,0
DA:191,0
DA:205,0
DA:210,0
DA:212,0
DA:213,0
DA:219,0
DA:220,0
DA:221,0
DA:222,0
DA:224,0
DA:225,0
DA:226,0
DA:232,0
DA:233,0
DA:237,0
DA:239,0
DA:240,0
DA:246,0
DA:247,0
DA:261,0
DA:262,0
DA:265,0
DA:272,0
DA:273,0
DA:274,0
DA:280,0
DA:281,0
DA:282,0
DA:291,0
DA:292,0
DA:293,0
DA:294,0
DA:295,0
DA:299,0
LF:87
LH:0
end_of_record
SF:lib\data\repositories\local_gallery_repository.dart
DA:18,0
DA:22,0
DA:23,0
DA:57,2
DA:63,0
DA:66,0
DA:72,0
DA:73,0
DA:79,0
DA:82,0
DA:83,0
DA:86,0
DA:88,0
DA:89,0
DA:90,0
DA:95,0
DA:96,0
DA:97,0
DA:98,0
DA:109,0
DA:110,0
DA:111,0
DA:112,0
DA:114,0
DA:115,0
DA:116,0
DA:117,0
DA:119,0
DA:120,0
DA:121,0
DA:122,0
DA:132,0
DA:133,0
DA:137,0
DA:138,0
DA:139,0
DA:140,0
DA:141,0
DA:143,0
DA:145,0
DA:146,0
DA:150,0
DA:151,0
DA:154,0
DA:156,0
DA:158,0
DA:159,0
DA:160,0
DA:161,0
DA:162,0
DA:164,0
DA:168,0
DA:169,0
DA:170,0
DA:176,0
DA:178,0
DA:180,0
DA:184,0
DA:187,0
DA:189,0
DA:192,0
DA:195,0
DA:196,0
DA:199,0
DA:200,0
DA:203,0
DA:208,0
DA:209,0
DA:214,0
DA:218,0
DA:219,0
DA:220,0
DA:221,0
DA:230,0
DA:232,0
DA:233,0
DA:235,0
DA:236,0
DA:248,0
DA:250,0
DA:252,0
DA:263,0
DA:264,0
DA:268,0
DA:269,0
DA:270,0
DA:271,0
DA:277,0
DA:278,0
DA:280,0
DA:285,0
DA:286,0
DA:287,0
DA:291,0
DA:292,0
DA:293,0
DA:294,0
DA:300,0
DA:301,0
DA:302,0
DA:303,0
DA:304,0
DA:309,0
DA:310,0
DA:311,0
DA:312,0
DA:313,0
DA:321,0
DA:323,0
DA:326,0
DA:327,0
DA:328,0
DA:329,0
DA:330,0
DA:331,0
DA:332,0
DA:333,0
DA:334,0
DA:338,0
DA:339,0
DA:340,0
DA:341,0
DA:342,0
DA:343,0
DA:344,0
DA:345,0
DA:346,0
DA:347,0
DA:348,0
DA:349,0
DA:350,0
DA:351,0
DA:352,0
DA:353,0
DA:354,0
DA:355,0
DA:356,0
DA:357,0
DA:358,0
DA:359,0
DA:360,0
DA:361,0
DA:362,0
DA:363,0
DA:368,0
DA:371,0
DA:372,0
DA:373,0
DA:380,0
DA:383,0
DA:384,0
DA:390,0
DA:391,0
DA:392,0
DA:398,0
DA:399,0
DA:400,0
DA:401,0
DA:404,0
DA:405,0
DA:408,0
DA:409,0
DA:410,0
DA:416,0
DA:431,0
DA:435,0
DA:438,0
DA:440,0
DA:441,0
DA:445,0
DA:446,0
DA:449,0
DA:451,0
DA:457,0
DA:458,0
DA:459,0
DA:462,0
DA:465,0
DA:467,0
DA:468,0
DA:469,0
DA:473,0
DA:474,0
DA:475,0
DA:476,0
DA:479,0
DA:480,0
DA:481,0
DA:482,0
DA:483,0
DA:492,0
DA:493,0
DA:494,0
DA:499,0
DA:500,0
DA:502,0
DA:520,0
DA:526,0
DA:529,0
DA:531,0
DA:532,0
DA:539,0
DA:543,0
DA:544,0
DA:545,0
DA:549,0
DA:550,0
DA:553,0
DA:555,0
DA:562,0
DA:565,0
DA:566,0
DA:567,0
DA:568,0
DA:573,0
DA:574,0
DA:578,0
DA:579,0
DA:581,0
DA:582,0
DA:583,0
DA:587,0
DA:588,0
DA:589,0
DA:590,0
DA:591,0
DA:600,0
DA:601,0
DA:602,0
DA:607,0
DA:608,0
DA:610,0
DA:626,0
DA:631,0
DA:634,0
DA:636,0
DA:637,0
DA:642,0
DA:645,0
DA:646,0
DA:648,0
DA:649,0
DA:655,0
DA:656,0
DA:657,0
DA:662,0
DA:663,0
DA:664,0
DA:665,0
DA:671,0
DA:682,6
LF:251
LH:2
end_of_record
SF:lib\data\services\local_metadata_cache_service.dart
DA:17,0
DA:22,0
DA:23,0
DA:27,0
DA:28,0
DA:29,0
DA:30,0
DA:39,0
DA:44,0
DA:45,0
DA:46,0
DA:48,0
DA:52,0
DA:53,0
DA:57,0
DA:58,0
DA:63,0
DA:65,0
LF:18
LH:0
end_of_record
SF:lib\data\services\local_metadata_cache_service.g.dart
DA:9,0
DA:16,0
DA:17,0
LF:3
LH:0
end_of_record
SF:lib\data\services\bulk_operation_service.dart
DA:52,2
DA:55,2
DA:65,1
DA:69,2
DA:72,1
DA:74,1
DA:75,2
DA:79,3
DA:80,1
DA:83,1
DA:85,1
DA:91,1
DA:92,1
DA:93,1
DA:94,1
DA:95,1
DA:96,2
DA:100,1
DA:101,1
DA:102,1
DA:103,1
DA:106,0
DA:107,0
DA:108,0
DA:109,0
DA:110,0
DA:119,1
DA:120,1
DA:121,1
DA:126,1
DA:127,2
DA:129,1
DA:151,0
DA:157,0
DA:159,0
DA:160,0
DA:168,0
DA:171,0
DA:172,0
DA:178,0
DA:179,0
DA:180,0
DA:185,0
DA:186,0
DA:187,0
DA:188,0
DA:189,0
DA:192,0
DA:194,0
DA:195,0
DA:198,0
DA:200,0
DA:201,0
DA:205,0
DA:206,0
DA:207,0
DA:208,0
DA:209,0
DA:210,0
DA:211,0
DA:212,0
DA:216,0
DA:217,0
DA:218,0
DA:219,0
DA:220,0
DA:221,0
DA:222,0
DA:223,0
DA:224,0
DA:225,0
DA:226,0
DA:227,0
DA:228,0
DA:229,0
DA:230,0
DA:231,0
DA:232,0
DA:233,0
DA:234,0
DA:235,0
DA:236,0
DA:237,0
DA:238,0
DA:239,0
DA:240,0
DA:241,0
DA:245,0
DA:249,0
DA:250,0
DA:252,0
DA:253,0
DA:254,0
DA:258,0
DA:259,0
DA:264,0
DA:265,0
DA:266,0
DA:271,0
DA:272,0
DA:273,0
DA:274,0
DA:280,0
DA:300,0
DA:306,0
DA:309,0
DA:311,0
DA:312,0
DA:319,0
DA:323,0
DA:324,0
DA:325,0
DA:329,0
DA:330,0
DA:333,0
DA:335,0
DA:342,0
DA:345,0
DA:346,0
DA:347,0
DA:348,0
DA:353,0
DA:354,0
DA:358,0
DA:359,0
DA:361,0
DA:362,0
DA:363,0
DA:367,0
DA:368,0
DA:369,0
DA:370,0
DA:371,0
DA:380,0
DA:381,0
DA:382,0
DA:387,0
DA:388,0
DA:390,0
DA:410,0
DA:415,0
DA:418,0
DA:420,0
DA:421,0
DA:425,0
DA:426,0
DA:429,0
DA:431,0
DA:437,0
DA:438,0
DA:439,0
DA:440,0
DA:444,0
DA:445,0
DA:446,0
DA:447,0
DA:448,0
DA:457,0
DA:458,0
DA:459,0
DA:464,0
DA:465,0
DA:467,0
DA:485,0
DA:490,0
DA:493,0
DA:503,0
DA:516,0
DA:519,0
DA:520,0
DA:521,0
DA:522,0
DA:523,0
DA:524,0
DA:525,0
DA:526,0
DA:529,0
DA:530,0
DA:531,0
DA:532,0
DA:533,0
DA:534,0
DA:535,0
DA:536,0
DA:537,0
DA:538,0
DA:539,0
DA:540,0
DA:543,0
DA:546,0
DA:549,0
DA:555,0
DA:556,0
DA:557,0
DA:558,0
DA:559,0
DA:560,0
DA:567,0
DA:569,0
LF:199
LH:27
end_of_record
SF:lib\data\services\bulk_operation_service.g.dart
DA:9,0
DA:16,0
DA:17,0
LF:3
LH:0
end_of_record
SF:lib\presentation\widgets\prompt\random_manager\states\undo_redo_history.dart
DA:3,1
DA:17,2
DA:20,0
DA:23,0
DA:26,6
DA:29,6
DA:32,1
DA:33,2
DA:34,2
DA:35,4
DA:36,0
DA:41,1
DA:42,1
DA:43,2
DA:44,1
DA:45,2
DA:50,1
DA:51,1
DA:52,2
DA:53,1
DA:54,2
DA:59,2
DA:60,4
DA:61,4
LF:24
LH:21
end_of_record
SF:lib\presentation\providers\collection_provider.dart
DA:13,0
DA:15,0
DA:35,2
DA:38,0
DA:41,0
DA:44,0
DA:45,0
DA:46,0
DA:53,0
DA:55,0
DA:64,0
DA:65,0
DA:67,0
DA:68,0
DA:72,0
DA:73,0
DA:77,0
DA:78,0
DA:88,0
DA:90,0
DA:91,0
DA:96,0
DA:97,0
DA:105,0
DA:111,0
DA:113,0
DA:119,0
DA:121,0
DA:122,0
DA:128,0
DA:129,0
DA:130,0
DA:143,0
DA:145,0
DA:147,0
DA:151,0
DA:153,0
DA:154,0
DA:161,0
DA:162,0
DA:163,0
DA:176,0
DA:178,0
DA:180,0
DA:184,0
DA:185,0
DA:189,0
DA:191,0
DA:192,0
DA:199,0
DA:200,0
DA:201,0
DA:215,0
DA:220,0
DA:223,0
DA:226,0
DA:228,0
DA:229,0
DA:230,0
DA:237,0
DA:238,0
DA:239,0
DA:253,0
DA:258,0
DA:260,0
DA:261,0
DA:264,0
DA:266,0
DA:267,0
DA:268,0
DA:275,0
DA:276,0
DA:277,0
DA:291,0
DA:292,0
DA:299,0
DA:300,0
DA:306,0
DA:307,0
DA:308,0
DA:309,0
DA:315,0
DA:316,0
LF:83
LH:1
end_of_record
SF:lib\presentation\providers\collection_provider.g.dart
DA:9,0
DA:16,0
DA:29,0
DA:36,0
DA:37,0
LF:5
LH:0
end_of_record
