SF:lib\data\models\prompt\tag_category.dart
DA:148,0
DA:149,0
DA:152,0
DA:153,0
DA:154,0
DA:162,0
DA:167,0
DA:172,0
DA:173,0
DA:174,0
DA:175,0
DA:176,0
DA:177,0
DA:178,0
DA:179,0
DA:180,0
DA:181,0
DA:182,0
DA:183,0
DA:184,0
DA:185,0
DA:186,0
DA:187,0
DA:188,0
DA:189,0
DA:190,0
DA:195,0
DA:196,0
DA:197,0
DA:198,0
DA:199,0
DA:200,0
DA:201,0
DA:202,0
DA:203,0
DA:204,0
DA:205,0
DA:206,0
DA:207,0
DA:208,0
DA:209,0
DA:210,0
DA:211,0
DA:217,0
DA:220,0
DA:221,0
DA:231,0
DA:235,0
DA:237,0
DA:238,0
DA:239,0
DA:240,0
DA:241,0
DA:242,0
DA:243,0
DA:244,0
DA:245,0
DA:246,0
DA:247,0
DA:248,0
DA:249,0
DA:250,0
DA:251,0
DA:252,0
DA:253,0
DA:254,0
DA:255,0
DA:259,0
DA:260,0
DA:261,0
DA:262,0
DA:263,0
DA:264,0
DA:265,0
DA:266,0
DA:267,0
DA:268,0
DA:269,0
DA:270,0
DA:271,0
DA:272,0
DA:273,0
DA:274,0
DA:275,0
DA:276,0
DA:277,0
LF:86
LH:0
end_of_record
SF:lib\data\models\prompt\weighted_tag.dart
DA:27,4
DA:48,0
DA:49,0
DA:52,0
DA:58,0
DA:59,0
DA:60,0
DA:68,3
DA:73,3
DA:77,3
LF:10
LH:4
end_of_record
SF:lib\data\models\prompt\weighted_tag.g.dart
DA:9,0
DA:10,0
DA:11,0
DA:12,0
DA:13,0
DA:14,0
DA:15,0
DA:16,0
DA:17,0
DA:21,0
DA:22,0
DA:23,0
DA:24,0
DA:25,0
DA:26,0
DA:27,0
LF:16
LH:0
end_of_record
SF:lib\data\services\strategies\character_tag_generator.dart
DA:35,2
DA:39,2
DA:40,2
DA:42,2
DA:43,2
DA:44,2
DA:45,2
DA:46,2
DA:47,2
DA:73,2
DA:80,2
DA:83,4
DA:84,4
DA:85,2
DA:86,4
DA:88,2
DA:95,2
DA:100,4
DA:101,4
DA:102,2
DA:103,4
DA:105,0
DA:112,2
DA:117,4
DA:118,4
DA:119,2
DA:120,4
DA:122,0
DA:129,2
DA:134,4
DA:135,4
DA:136,2
DA:137,4
DA:139,0
DA:146,2
DA:151,4
DA:152,4
DA:153,2
DA:154,4
DA:156,0
DA:163,2
DA:176,2
DA:177,4
DA:178,4
DA:187,1
DA:191,2
DA:192,3
DA:193,1
DA:194,1
DA:195,1
DA:205,1
DA:206,3
DA:210,1
DA:211,1
DA:212,1
DA:213,1
DA:214,1
DA:215,1
DA:216,1
DA:217,1
DA:218,1
DA:219,1
DA:225,1
DA:226,1
DA:227,1
DA:228,1
DA:229,1
DA:230,1
DA:231,1
DA:232,1
DA:233,1
DA:234,1
LF:72
LH:68
end_of_record
SF:lib\data\models\character\character_prompt.dart
DA:28,4
DA:41,0
DA:42,0
DA:46,0
DA:47,0
DA:48,0
DA:49,0
DA:50,0
DA:51,0
DA:58,0
DA:86,0
DA:87,0
DA:90,0
DA:98,0
DA:99,0
DA:111,0
DA:112,0
DA:114,0
DA:115,0
DA:118,0
DA:119,0
DA:120,0
DA:121,0
DA:124,0
DA:127,0
DA:128,0
DA:129,0
DA:132,0
DA:133,0
DA:137,0
DA:138,0
DA:139,0
DA:141,0
DA:143,0
DA:152,0
DA:162,0
DA:163,0
DA:166,0
DA:168,0
DA:169,0
DA:172,0
DA:173,0
DA:174,0
DA:178,0
DA:179,0
DA:193,0
DA:195,0
DA:196,0
DA:197,0
DA:198,0
DA:201,0
DA:202,0
DA:203,0
DA:211,0
DA:212,0
DA:213,0
DA:214,0
DA:215,0
DA:216,0
DA:217,0
DA:220,0
DA:230,0
DA:236,0
DA:237,0
DA:238,0
DA:242,0
DA:244,0
DA:245,0
DA:251,0
DA:255,0
DA:256,0
DA:257,0
DA:262,0
DA:263,0
DA:265,0
DA:270,0
DA:271,0
DA:272,0
DA:273,0
DA:275,0
DA:276,0
DA:277,0
DA:281,0
DA:282,0
DA:286,0
DA:288,0
LF:86
LH:1
end_of_record
SF:lib\data\models\character\character_prompt.g.dart
DA:9,0
DA:11,0
DA:12,0
DA:14,0
DA:15,0
DA:18,0
DA:20,0
DA:21,0
DA:22,0
DA:23,0
DA:31,0
DA:33,0
DA:34,0
DA:35,0
DA:36,0
DA:38,0
DA:39,0
DA:40,0
DA:41,0
DA:43,0
DA:45,0
DA:46,0
DA:47,0
DA:50,0
DA:52,0
DA:53,0
DA:54,0
DA:55,0
DA:56,0
DA:57,0
DA:58,0
DA:59,0
DA:60,0
DA:69,0
DA:71,0
DA:72,0
DA:73,0
DA:74,0
DA:76,0
DA:79,0
DA:81,0
DA:82,0
DA:83,0
LF:43
LH:0
end_of_record
SF:lib\data\services\bracket_formatter.dart
DA:47,2
DA:54,3
DA:57,2
DA:58,2
DA:60,0
DA:63,8
DA:66,2
DA:69,2
DA:70,0
DA:71,0
DA:72,0
DA:73,0
DA:75,2
DA:76,2
DA:77,2
DA:117,0
DA:123,0
DA:127,0
DA:130,0
DA:132,0
DA:133,0
DA:134,0
DA:135,0
DA:138,0
DA:159,1
DA:161,2
DA:164,2
DA:188,0
DA:189,0
DA:192,0
DA:193,0
DA:199,0
DA:200,0
DA:201,0
DA:202,0
DA:205,0
DA:206,0
DA:207,0
DA:213,0
DA:214,0
DA:215,0
DA:216,0
DA:219,0
DA:220,0
DA:221,0
DA:222,0
LF:46
LH:13
end_of_record
SF:lib\data\services\weighted_selector.dart
DA:42,4
DA:47,4
DA:48,0
DA:51,0
DA:54,8
DA:55,4
DA:56,0
DA:57,4
DA:59,4
DA:61,0
DA:65,16
DA:68,8
DA:72,8
DA:73,8
DA:74,4
DA:75,4
DA:80,0
DA:107,0
DA:108,0
DA:109,0
DA:112,0
DA:114,0
DA:115,0
DA:118,0
DA:119,0
DA:120,0
DA:121,0
DA:125,0
DA:150,0
DA:151,0
DA:152,0
DA:155,0
DA:157,0
DA:158,0
DA:161,0
DA:162,0
DA:163,0
DA:164,0
DA:168,0
LF:39
LH:12
end_of_record
SF:lib\data\models\prompt\category_filter_config.dart
DA:14,1
DA:28,0
DA:29,0
DA:48,1
DA:49,3
DA:53,0
DA:55,0
DA:59,0
DA:60,0
DA:61,0
DA:62,0
DA:66,0
DA:70,0
DA:71,0
DA:72,0
DA:76,1
DA:77,1
DA:78,2
DA:79,2
DA:81,2
DA:85,0
DA:86,0
DA:87,0
DA:88,0
DA:90,0
DA:94,0
DA:95,0
DA:96,0
DA:102,0
DA:103,0
DA:104,0
DA:110,0
DA:112,0
DA:113,0
DA:119,0
LF:35
LH:8
end_of_record
SF:lib\data\models\prompt\category_filter_config.g.dart
DA:9,0
DA:11,0
DA:12,0
DA:13,0
DA:16,0
DA:17,0
DA:22,0
DA:24,0
DA:25,0
DA:26,0
LF:10
LH:0
end_of_record
SF:lib\data\models\prompt\random_prompt_result.dart
DA:17,1
DA:36,0
DA:37,0
DA:40,0
DA:44,0
DA:52,0
DA:57,0
DA:59,0
DA:65,0
DA:70,0
DA:78,3
DA:81,3
DA:85,0
DA:86,0
DA:87,0
DA:89,0
DA:93,0
DA:94,0
DA:95,0
DA:96,0
DA:97,0
DA:98,0
DA:99,0
DA:100,0
DA:101,0
DA:102,0
DA:105,0
DA:109,1
DA:110,3
DA:111,0
DA:113,6
DA:114,1
DA:121,1
DA:140,0
DA:141,0
DA:144,0
DA:145,0
DA:152,0
DA:153,0
LF:39
LH:8
end_of_record
SF:lib\data\models\prompt\random_prompt_result.g.dart
DA:9,0
DA:11,0
DA:12,0
DA:13,0
DA:14,0
DA:15,0
DA:16,0
DA:18,0
DA:19,0
DA:20,0
DA:24,0
DA:26,0
DA:27,0
DA:28,0
DA:29,0
DA:30,0
DA:31,0
DA:40,0
DA:42,0
DA:43,0
DA:44,0
DA:45,0
DA:47,0
DA:48,0
DA:51,0
DA:53,0
DA:54,0
DA:55,0
DA:56,0
DA:57,0
DA:58,0
LF:31
LH:0
end_of_record
SF:lib\data\models\prompt\tag_library.dart
DA:34,1
DA:64,0
DA:65,0
DA:68,1
DA:73,1
DA:76,1
DA:82,1
DA:83,4
DA:87,1
DA:88,2
DA:89,2
DA:90,2
DA:92,1
DA:97,0
DA:98,0
DA:100,0
DA:101,0
DA:103,0
DA:104,0
DA:106,0
DA:107,0
DA:108,0
DA:111,0
DA:113,0
DA:117,0
DA:119,0
DA:120,0
DA:125,0
DA:126,0
DA:130,0
DA:132,0
DA:135,0
DA:136,0
DA:143,0
DA:145,0
DA:147,0
DA:148,0
DA:149,0
DA:154,0
DA:155,0
DA:157,0
DA:164,1
DA:168,1
DA:172,4
DA:176,0
DA:179,0
DA:182,0
DA:183,0
DA:184,0
DA:188,0
DA:190,0
DA:191,0
DA:192,0
DA:193,0
DA:195,0
DA:196,0
LF:56
LH:14
end_of_record
SF:lib\data\models\prompt\tag_library.g.dart
DA:9,0
DA:10,0
DA:11,0
DA:12,0
DA:13,0
DA:14,0
DA:15,0
DA:16,0
DA:18,0
DA:19,0
DA:20,0
DA:23,0
DA:24,0
DA:29,0
DA:30,0
DA:31,0
DA:32,0
DA:33,0
DA:34,0
DA:35,0
DA:36,0
DA:37,0
DA:38,0
LF:23
LH:0
end_of_record
SF:lib\data\services\strategies\nai_style_generator_strategy.dart
DA:42,1
DA:46,1
DA:47,1
DA:48,1
DA:70,1
DA:78,2
DA:83,1
DA:85,1
DA:95,1
DA:105,1
DA:115,1
DA:121,1
DA:124,1
DA:129,1
DA:130,3
DA:134,2
DA:135,1
DA:140,1
DA:141,3
DA:146,2
DA:147,1
DA:152,1
DA:153,3
DA:158,2
DA:159,1
DA:164,2
DA:165,2
DA:167,5
DA:168,2
DA:169,1
DA:170,1
DA:173,1
DA:177,1
DA:178,1
DA:186,1
DA:194,1
DA:195,1
DA:197,2
DA:200,1
DA:201,1
DA:203,1
DA:206,1
DA:214,1
DA:216,1
DA:217,1
DA:218,1
DA:225,1
DA:226,2
DA:230,2
DA:231,1
DA:236,1
DA:237,3
DA:242,2
DA:243,0
DA:248,0
DA:249,0
DA:250,0
DA:253,0
DA:254,0
DA:259,0
DA:260,0
DA:261,0
DA:262,0
DA:270,1
DA:272,3
DA:275,1
DA:276,1
DA:284,1
DA:292,1
DA:293,1
DA:295,2
DA:298,1
DA:299,1
DA:301,1
DA:304,1
DA:312,1
DA:314,1
DA:315,1
DA:316,1
DA:323,1
DA:324,2
DA:328,2
DA:329,1
DA:334,1
DA:335,3
DA:340,2
DA:341,1
DA:346,1
DA:347,2
DA:348,1
DA:351,2
DA:352,1
DA:357,1
DA:358,2
DA:359,2
DA:360,3
DA:367,1
DA:368,1
DA:378,1
DA:385,1
DA:388,1
DA:393,1
DA:394,1
DA:398,1
DA:403,1
DA:404,1
DA:408,1
DA:413,1
DA:414,1
DA:418,1
DA:423,1
DA:424,1
DA:428,1
DA:433,1
DA:434,1
DA:438,2
DA:445,1
DA:450,1
DA:451,1
LF:119
LH:109
end_of_record
SF:lib\data\models\prompt\character_count_config.dart
DA:24,0
DA:25,0
DA:31,2
DA:57,0
DA:58,0
DA:61,0
DA:67,2
DA:95,0
DA:96,0
DA:99,0
DA:100,0
DA:103,0
DA:104,0
DA:110,2
DA:120,0
DA:121,0
DA:124,0
DA:125,0
DA:128,0
DA:129,0
DA:132,0
DA:133,0
DA:134,0
DA:140,0
LF:24
LH:3
end_of_record
SF:lib\data\models\prompt\character_count_config.g.dart
DA:9,0
DA:11,0
DA:12,0
DA:13,0
DA:16,0
DA:18,0
DA:19,0
DA:20,0
DA:23,0
DA:25,0
DA:26,0
DA:27,0
DA:28,0
DA:29,0
DA:30,0
DA:31,0
DA:33,0
DA:34,0
DA:35,0
DA:38,0
DA:40,0
DA:41,0
DA:42,0
DA:43,0
DA:44,0
DA:45,0
DA:46,0
DA:47,0
DA:50,0
DA:52,0
DA:53,0
DA:54,0
DA:55,0
DA:56,0
DA:57,0
DA:58,0
DA:59,0
DA:60,0
DA:61,0
DA:63,0
DA:64,0
DA:67,0
DA:69,0
DA:70,0
DA:71,0
DA:72,0
DA:73,0
DA:74,0
DA:75,0
DA:76,0
DA:77,0
DA:80,0
DA:82,0
DA:83,0
DA:84,0
DA:85,0
DA:86,0
DA:88,0
DA:89,0
DA:90,0
DA:94,0
DA:96,0
DA:97,0
DA:98,0
LF:64
LH:0
end_of_record
SF:lib\data\services\character_count_resolver.dart
DA:74,1
DA:75,1
DA:76,2
DA:79,4
DA:80,4
DA:83,2
DA:84,1
DA:85,1
DA:86,0
DA:90,2
DA:91,1
DA:92,1
DA:93,2
DA:94,2
DA:98,0
DA:99,0
DA:102,0
DA:126,0
DA:127,0
DA:154,1
DA:158,1
DA:159,0
DA:162,0
DA:164,4
DA:165,2
DA:168,2
DA:169,2
DA:170,1
DA:171,1
DA:175,0
DA:197,0
DA:198,0
DA:223,0
DA:224,0
DA:226,0
DA:229,0
DA:262,0
DA:264,0
DA:265,0
DA:266,0
DA:286,0
DA:290,0
LF:42
LH:21
end_of_record
SF:lib\data\models\prompt\random_category.dart
DA:19,1
DA:74,0
DA:75,0
DA:78,0
DA:85,0
DA:86,0
DA:91,0
DA:96,0
DA:99,0
DA:102,0
DA:105,0
DA:106,0
DA:107,0
DA:108,0
DA:112,0
DA:113,0
DA:114,0
DA:115,0
DA:120,0
DA:121,0
DA:125,0
DA:126,0
DA:127,0
DA:132,0
DA:133,0
DA:134,0
DA:136,0
DA:137,0
DA:138,0
DA:142,0
DA:143,0
DA:144,0
DA:150,0
DA:151,0
DA:152,0
DA:153,0
DA:154,0
DA:158,0
DA:159,0
DA:161,0
DA:162,0
DA:163,0
DA:169,1
DA:170,3
DA:173,2
DA:177,1
DA:178,2
LF:47
LH:6
end_of_record
SF:lib\data\models\prompt\random_category.g.dart
DA:9,0
DA:10,0
DA:11,0
DA:12,0
DA:13,0
DA:14,0
DA:15,0
DA:16,0
DA:17,0
DA:18,0
DA:19,0
DA:21,0
DA:22,0
DA:23,0
DA:24,0
DA:25,0
DA:26,0
DA:27,0
DA:28,0
DA:31,0
DA:32,0
DA:33,0
DA:34,0
DA:37,0
DA:40,0
DA:42,0
DA:43,0
DA:44,0
DA:45,0
DA:46,0
DA:47,0
DA:48,0
DA:49,0
DA:51,0
DA:52,0
DA:53,0
DA:54,0
DA:55,0
DA:56,0
DA:57,0
DA:58,0
DA:59,0
DA:60,0
LF:43
LH:0
end_of_record
SF:lib\data\models\prompt\random_preset.dart
DA:20,1
DA:61,0
DA:62,0
DA:65,1
DA:71,1
DA:72,1
DA:73,1
DA:78,0
DA:87,0
DA:90,0
DA:92,0
DA:93,0
DA:96,0
DA:97,0
DA:98,0
DA:99,0
DA:100,0
DA:105,0
DA:107,0
DA:109,0
DA:111,0
DA:117,0
DA:119,0
DA:121,0
DA:123,0
DA:129,0
DA:134,0
DA:149,0
DA:150,0
DA:155,0
DA:156,0
DA:157,0
DA:158,0
DA:160,0
DA:163,0
DA:164,0
DA:165,0
DA:166,0
DA:167,0
DA:168,0
DA:169,0
DA:172,0
DA:173,0
DA:174,0
DA:175,0
DA:176,0
DA:179,0
DA:186,0
DA:187,0
DA:191,0
DA:192,0
DA:196,0
DA:199,0
DA:202,0
DA:203,0
DA:207,0
DA:208,0
DA:210,0
DA:215,0
DA:216,0
DA:218,0
DA:223,0
DA:224,0
DA:226,0
DA:231,0
DA:232,0
DA:233,0
DA:234,0
DA:239,0
DA:240,0
DA:241,0
DA:242,0
DA:247,0
DA:248,0
DA:249,0
DA:250,0
DA:255,0
DA:256,0
DA:257,0
DA:259,0
DA:260,0
DA:261,0
DA:263,0
DA:268,0
DA:269,0
DA:270,0
DA:272,0
DA:276,0
DA:277,0
DA:278,0
DA:280,0
DA:285,0
DA:286,0
DA:287,0
DA:293,0
DA:294,0
DA:295,0
DA:303,0
DA:304,0
DA:305,0
DA:306,0
DA:311,0
DA:312,0
DA:314,0
DA:315,0
DA:320,0
DA:321,0
DA:322,0
DA:324,0
DA:325,0
DA:326,0
DA:328,0
DA:333,0
DA:334,0
DA:335,0
DA:337,0
DA:338,0
DA:339,0
DA:340,0
DA:342,0
DA:347,0
DA:348,0
DA:349,0
DA:357,0
DA:358,0
DA:359,0
DA:360,0
DA:365,0
DA:366,0
DA:367,0
DA:368,0
DA:373,0
DA:374,0
DA:375,0
DA:377,0
DA:378,0
DA:379,0
DA:381,0
DA:386,0
DA:387,0
DA:388,0
DA:390,0
DA:391,0
DA:392,0
DA:393,0
DA:395,0
DA:400,0
DA:401,0
DA:402,0
DA:408,0
DA:409,0
DA:412,0
DA:413,0
DA:414,0
DA:415,0
DA:420,0
DA:421,0
DA:422,0
DA:423,0
DA:424,0
DA:425,0
DA:426,0
DA:427,0
DA:428,0
DA:429,0
DA:434,0
DA:435,0
DA:436,0
DA:437,0
DA:440,0
DA:443,0
DA:444,0
DA:445,0
DA:446,0
DA:447,0
DA:451,0
DA:452,0
DA:453,0
DA:454,0
DA:455,0
DA:459,0
DA:460,0
DA:461,0
DA:462,0
DA:463,0
DA:466,0
DA:467,0
DA:468,0
DA:469,0
DA:472,0
DA:473,0
DA:474,0
DA:477,0
DA:478,0
DA:479,0
LF:195
LH:5
end_of_record
SF:lib\data\models\prompt\random_preset.g.dart
DA:9,0
DA:10,0
DA:11,0
DA:12,0
DA:13,0
DA:14,0
DA:15,0
DA:16,0
DA:18,0
DA:19,0
DA:20,0
DA:22,0
DA:23,0
DA:24,0
DA:25,0
DA:26,0
DA:28,0
DA:29,0
DA:30,0
DA:32,0
DA:33,0
DA:34,0
DA:36,0
DA:38,0
DA:39,0
DA:41,0
DA:44,0
DA:45,0
DA:46,0
DA:47,0
DA:48,0
DA:49,0
DA:50,0
DA:51,0
DA:52,0
DA:53,0
DA:54,0
DA:55,0
DA:56,0
DA:57,0
LF:40
LH:0
end_of_record
SF:lib\data\models\prompt\random_tag_group.dart
DA:75,1
DA:174,0
DA:175,0
DA:178,1
DA:185,1
DA:186,1
DA:192,0
DA:197,0
DA:203,0
DA:204,0
DA:210,0
DA:215,0
DA:222,0
DA:223,0
DA:228,0
DA:230,0
DA:238,0
DA:243,0
DA:244,0
DA:249,0
DA:254,0
DA:255,0
DA:256,0
DA:258,0
DA:262,0
DA:263,0
DA:264,0
DA:267,0
DA:270,0
DA:273,0
DA:274,0
DA:275,0
DA:276,0
DA:277,0
DA:282,0
DA:283,0
DA:289,1
DA:290,3
DA:293,2
DA:297,1
DA:298,2
DA:304,0
DA:309,0
DA:320,0
DA:323,0
DA:326,0
DA:329,0
DA:332,0
DA:335,0
DA:336,0
DA:337,0
DA:338,0
DA:339,0
DA:340,0
DA:341,0
DA:344,0
DA:345,0
DA:346,0
DA:352,0
DA:353,0
DA:356,0
DA:357,0
DA:365,0
DA:370,0
DA:372,0
DA:373,0
DA:377,0
DA:378,0
DA:379,0
DA:380,0
DA:381,0
DA:382,0
DA:383,0
DA:384,0
LF:74
LH:9
end_of_record
SF:lib\data\models\prompt\random_tag_group.g.dart
DA:9,0
DA:10,0
DA:11,0
DA:12,0
DA:13,0
DA:14,0
DA:15,0
DA:17,0
DA:18,0
DA:19,0
DA:21,0
DA:23,0
DA:24,0
DA:25,0
DA:26,0
DA:27,0
DA:28,0
DA:29,0
DA:32,0
DA:34,0
DA:35,0
DA:36,0
DA:38,0
DA:40,0
DA:41,0
DA:43,0
DA:44,0
DA:45,0
DA:47,0
DA:48,0
DA:49,0
DA:50,0
DA:53,0
DA:54,0
DA:55,0
DA:57,0
DA:58,0
DA:59,0
DA:61,0
DA:62,0
DA:63,0
DA:64,0
DA:65,0
DA:67,0
DA:69,0
DA:70,0
DA:71,0
DA:72,0
DA:73,0
DA:76,0
DA:78,0
DA:81,0
DA:83,0
DA:84,0
DA:85,0
DA:86,0
DA:87,0
DA:88,0
DA:89,0
DA:90,0
DA:91,0
DA:92,0
DA:93,0
DA:94,0
DA:95,0
DA:96,0
DA:97,0
DA:98,0
DA:99,0
DA:100,0
DA:101,0
DA:102,0
DA:103,0
DA:104,0
DA:105,0
DA:106,0
DA:107,0
DA:108,0
DA:109,0
DA:110,0
DA:111,0
DA:112,0
LF:82
LH:0
end_of_record
SF:lib\data\models\prompt\tag_scope.dart
DA:23,0
DA:24,0
DA:25,0
DA:26,0
DA:30,0
DA:31,0
DA:32,0
DA:33,0
DA:48,1
DA:50,1
DA:52,1
DA:54,1
LF:12
LH:4
end_of_record
SF:lib\data\services\strategies\preset_generator_strategy.dart
DA:27,1
DA:30,1
DA:31,1
DA:51,1
DA:57,1
DA:59,2
DA:61,1
DA:64,1
DA:68,1
DA:71,3
DA:74,1
DA:80,1
DA:92,1
DA:99,3
DA:100,1
DA:101,1
DA:102,1
DA:106,1
DA:108,2
DA:111,1
DA:113,1
DA:114,1
DA:118,1
DA:119,2
DA:121,3
DA:124,1
DA:129,1
DA:133,1
DA:134,1
DA:145,1
DA:153,3
DA:156,1
DA:157,1
DA:158,1
DA:159,1
DA:164,1
DA:165,1
DA:166,1
DA:167,1
DA:168,1
DA:169,1
DA:171,2
DA:172,2
DA:173,2
DA:181,1
DA:190,1
DA:196,1
DA:199,1
DA:201,4
DA:203,1
DA:205,2
DA:206,2
DA:207,2
DA:209,1
DA:210,1
DA:211,1
DA:223,1
DA:229,1
DA:232,1
DA:234,2
DA:235,1
DA:237,1
DA:239,2
DA:240,1
DA:241,1
DA:243,3
DA:244,2
DA:245,1
DA:247,2
DA:248,3
DA:249,2
DA:250,1
DA:255,1
DA:256,1
DA:257,1
DA:259,6
LF:76
LH:76
end_of_record
SF:lib\core\utils\app_logger.dart
DA:6,0
DA:7,0
DA:19,0
DA:24,0
DA:25,0
DA:26,0
DA:30,0
DA:31,0
DA:32,0
DA:36,0
DA:37,0
DA:38,0
DA:42,0
DA:48,0
DA:49,0
DA:53,0
DA:61,0
DA:63,0
DA:64,0
DA:67,0
DA:68,0
DA:74,0
DA:80,0
DA:81,0
DA:82,0
DA:83,0
DA:84,0
DA:85,0
DA:87,0
DA:91,0
DA:97,0
DA:98,0
DA:99,0
DA:100,0
DA:101,0
DA:102,0
DA:104,0
DA:105,0
DA:107,0
DA:112,0
DA:113,0
DA:114,0
DA:115,0
DA:116,0
DA:117,0
DA:118,0
DA:120,0
DA:124,0
DA:125,0
DA:126,0
LF:50
LH:0
end_of_record
SF:lib\core\utils\localization_extension.dart
DA:12,0
LF:1
LH:0
end_of_record
SF:lib\data\models\prompt\algorithm_config.dart
DA:15,4
DA:96,0
DA:97,0
DA:103,0
DA:104,0
DA:105,0
DA:106,0
DA:107,0
DA:108,0
DA:109,0
DA:110,0
DA:112,0
DA:116,0
DA:117,0
DA:118,0
DA:119,0
DA:126,0
DA:127,0
DA:128,0
DA:129,0
DA:132,0
DA:133,0
DA:139,0
DA:140,0
DA:141,0
DA:142,0
DA:143,0
DA:146,0
DA:147,0
DA:148,0
DA:152,0
DA:157,0
DA:158,0
DA:159,0
DA:163,0
DA:167,0
DA:168,0
DA:172,0
DA:173,0
DA:174,0
DA:176,0
DA:179,0
DA:180,0
DA:181,0
DA:182,0
DA:190,0
DA:191,0
DA:192,0
DA:194,0
DA:197,0
DA:198,0
DA:199,0
DA:200,0
DA:208,0
DA:209,0
DA:213,0
DA:214,0
DA:215,0
DA:217,0
DA:218,0
DA:219,0
DA:220,0
DA:222,0
DA:231,4
DA:268,0
DA:269,0
DA:276,0
DA:278,0
DA:279,0
DA:280,0
DA:281,0
DA:282,0
DA:283,0
DA:284,0
DA:285,0
DA:286,0
DA:287,0
DA:288,0
DA:294,0
DA:299,0
DA:300,0
DA:301,0
DA:302,0
DA:303,0
DA:304,0
DA:305,0
DA:306,0
DA:307,0
DA:308,0
DA:309,0
DA:315,0
DA:316,0
DA:317,0
DA:318,0
DA:319,0
DA:320,0
DA:321,0
DA:322,0
DA:323,0
DA:324,0
DA:325,0
DA:326,0
DA:327,0
LF:103
LH:2
end_of_record
SF:lib\data\models\prompt\algorithm_config.g.dart
DA:9,0
DA:11,0
DA:12,0
DA:13,0
DA:14,0
DA:15,0
DA:23,0
DA:25,0
DA:27,0
DA:28,0
DA:29,0
DA:31,0
DA:32,0
DA:35,0
DA:37,0
DA:38,0
DA:40,0
DA:42,0
DA:43,0
DA:45,0
DA:46,0
DA:47,0
DA:49,0
DA:50,0
DA:51,0
DA:53,0
DA:54,0
DA:55,0
DA:56,0
DA:60,0
DA:61,0
DA:70,0
DA:71,0
DA:74,0
DA:76,0
DA:77,0
DA:78,0
DA:79,0
DA:80,0
DA:81,0
DA:82,0
DA:83,0
DA:84,0
DA:85,0
DA:86,0
DA:87,0
DA:88,0
DA:89,0
DA:90,0
DA:91,0
DA:92,0
DA:93,0
DA:96,0
DA:98,0
DA:99,0
DA:100,0
DA:101,0
DA:102,0
DA:103,0
DA:104,0
DA:105,0
DA:106,0
DA:107,0
DA:108,0
DA:109,0
DA:112,0
DA:114,0
DA:115,0
DA:116,0
DA:117,0
DA:118,0
DA:119,0
DA:120,0
DA:121,0
DA:122,0
DA:123,0
DA:124,0
DA:125,0
LF:78
LH:0
end_of_record
SF:lib\data\models\prompt\time_condition.dart
DA:13,0
DA:47,0
DA:48,0
DA:51,0
DA:62,0
DA:73,0
DA:86,0
DA:87,0
DA:89,0
DA:92,0
DA:93,0
DA:96,0
DA:97,0
DA:101,0
DA:107,0
DA:111,0
DA:115,0
DA:123,0
DA:124,0
DA:125,0
DA:126,0
DA:130,0
DA:133,0
DA:136,0
DA:137,0
DA:139,0
DA:140,0
DA:142,0
DA:151,0
DA:161,0
DA:162,0
DA:165,0
DA:166,0
DA:167,0
DA:171,0
DA:172,0
DA:173,0
DA:177,0
DA:178,0
DA:182,0
DA:183,0
LF:41
LH:0
end_of_record
SF:lib\data\models\prompt\time_condition.g.dart
DA:9,0
DA:10,0
DA:11,0
DA:12,0
DA:13,0
DA:14,0
DA:15,0
DA:16,0
DA:17,0
DA:18,0
DA:19,0
DA:20,0
DA:23,0
DA:24,0
DA:25,0
DA:26,0
DA:27,0
DA:28,0
DA:29,0
DA:30,0
DA:31,0
DA:32,0
DA:33,0
DA:34,0
DA:37,0
DA:39,0
DA:40,0
DA:41,0
DA:42,0
DA:44,0
DA:47,0
DA:49,0
DA:50,0
DA:51,0
LF:34
LH:0
end_of_record
SF:lib\data\models\prompt\post_process_rule.dart
DA:28,0
DA:71,0
DA:72,0
DA:75,0
DA:78,0
DA:80,0
DA:85,0
DA:88,0
DA:90,0
DA:99,0
DA:104,0
DA:107,0
DA:108,0
DA:109,0
DA:115,0
DA:116,0
DA:117,0
DA:124,0
DA:125,0
DA:126,0
DA:140,0
DA:144,0
DA:146,0
DA:147,0
DA:149,0
DA:152,0
DA:154,0
DA:155,0
DA:156,0
DA:157,0
DA:163,0
DA:165,0
DA:168,0
DA:170,0
DA:171,0
DA:172,0
DA:181,0
DA:182,0
DA:183,0
DA:184,0
DA:186,0
DA:187,0
DA:188,0
DA:189,0
DA:190,0
DA:191,0
DA:192,0
DA:193,0
DA:194,0
DA:202,0
DA:209,0
DA:210,0
DA:217,0
DA:223,0
DA:224,0
DA:228,0
DA:229,0
DA:234,0
DA:242,0
DA:247,0
DA:248,0
DA:249,0
DA:250,0
DA:256,0
LF:64
LH:0
end_of_record
SF:lib\data\models\prompt\post_process_rule.g.dart
DA:9,0
DA:11,0
DA:12,0
DA:13,0
DA:14,0
DA:15,0
DA:16,0
DA:18,0
DA:19,0
DA:20,0
DA:23,0
DA:24,0
DA:27,0
DA:29,0
DA:30,0
DA:31,0
DA:33,0
DA:34,0
DA:35,0
DA:37,0
DA:38,0
DA:39,0
DA:40,0
DA:42,0
DA:43,0
DA:44,0
DA:47,0
DA:49,0
DA:50,0
DA:51,0
DA:52,0
DA:53,0
DA:54,0
DA:55,0
DA:56,0
DA:57,0
DA:58,0
DA:59,0
DA:60,0
DA:61,0
DA:62,0
DA:72,0
DA:74,0
DA:75,0
DA:76,0
DA:77,0
DA:81,0
DA:83,0
DA:84,0
LF:49
LH:0
end_of_record
SF:lib\data\models\prompt\visibility_rule.dart
DA:33,0
DA:71,0
DA:72,0
DA:78,0
DA:79,0
DA:80,0
DA:82,0
DA:83,0
DA:84,0
DA:86,0
DA:87,0
DA:89,0
DA:90,0
DA:92,0
DA:93,0
DA:95,0
DA:97,0
DA:98,0
DA:100,0
DA:102,0
DA:103,0
DA:111,0
DA:112,0
DA:114,0
DA:115,0
DA:124,0
DA:131,0
DA:132,0
DA:138,0
DA:140,0
DA:141,0
DA:142,0
DA:143,0
DA:145,0
DA:148,0
DA:149,0
DA:150,0
DA:162,0
DA:167,0
DA:168,0
LF:40
LH:0
end_of_record
SF:lib\data\models\prompt\visibility_rule.g.dart
DA:9,0
DA:10,0
DA:11,0
DA:12,0
DA:13,0
DA:14,0
DA:16,0
DA:17,0
DA:18,0
DA:19,0
DA:20,0
DA:21,0
DA:22,0
DA:25,0
DA:27,0
DA:28,0
DA:29,0
DA:31,0
DA:32,0
DA:33,0
DA:34,0
DA:35,0
DA:36,0
DA:37,0
DA:38,0
DA:50,0
DA:52,0
DA:53,0
DA:54,0
DA:55,0
DA:59,0
DA:61,0
DA:62,0
LF:33
LH:0
end_of_record
SF:lib\data\models\prompt\conditional_branch.dart
DA:21,0
DA:47,0
DA:48,0
DA:53,0
DA:54,0
DA:56,0
DA:58,0
DA:59,0
DA:63,0
DA:64,0
DA:70,0
DA:78,0
DA:97,0
DA:98,0
DA:104,0
DA:110,0
DA:112,0
DA:114,0
DA:115,0
DA:116,0
DA:117,0
DA:125,0
DA:127,0
DA:128,0
DA:131,0
DA:134,0
DA:135,0
DA:136,0
DA:141,0
DA:145,0
DA:146,0
LF:31
LH:0
end_of_record
SF:lib\data\models\prompt\conditional_branch.g.dart
DA:9,0
DA:11,0
DA:12,0
DA:13,0
DA:14,0
DA:15,0
DA:16,0
DA:18,0
DA:19,0
DA:22,0
DA:24,0
DA:25,0
DA:28,0
DA:30,0
DA:31,0
DA:32,0
DA:33,0
DA:34,0
DA:35,0
DA:36,0
DA:37,0
DA:45,0
DA:47,0
DA:48,0
DA:49,0
DA:50,0
DA:51,0
DA:52,0
DA:53,0
DA:55,0
DA:56,0
DA:59,0
DA:61,0
DA:62,0
DA:63,0
DA:64,0
DA:65,0
DA:66,0
LF:38
LH:0
end_of_record
SF:lib\data\models\prompt\default_categories.dart
DA:24,0
DA:25,0
DA:27,0
DA:28,0
DA:35,0
DA:36,0
DA:38,0
DA:44,0
DA:45,0
DA:52,0
DA:53,0
DA:55,0
DA:61,0
DA:62,0
DA:69,0
DA:70,0
DA:72,0
DA:78,0
DA:79,0
DA:86,0
DA:87,0
DA:89,0
DA:95,0
DA:96,0
DA:103,0
DA:104,0
DA:106,0
DA:112,0
DA:113,0
DA:120,0
DA:121,0
DA:123,0
DA:125,0
DA:127,0
DA:130,0
DA:132,0
DA:134,0
DA:136,0
DA:139,0
DA:141,0
DA:143,0
DA:150,0
DA:151,0
DA:158,0
DA:159,0
DA:161,0
DA:167,0
DA:168,0
DA:175,0
DA:176,0
DA:178,0
DA:180,0
DA:182,0
DA:185,0
DA:187,0
DA:189,0
DA:191,0
DA:194,0
DA:196,0
DA:198,0
DA:205,0
DA:206,0
DA:213,0
DA:214,0
DA:216,0
DA:222,0
DA:223,0
DA:230,0
DA:231,0
DA:233,0
DA:239,0
DA:240,0
DA:247,0
DA:248,0
DA:250,0
DA:261,0
DA:262,0
DA:271,0
DA:273,0
DA:274,0
DA:275,0
DA:276,0
DA:277,0
DA:278,0
DA:283,0
DA:285,0
DA:289,0
DA:292,0
LF:88
LH:0
end_of_record
SF:lib\data\services\wordlist_service.dart
DA:29,0
DA:55,0
DA:58,0
DA:61,0
DA:64,0
DA:69,0
DA:70,0
DA:71,0
DA:74,0
DA:77,0
DA:81,0
DA:82,0
DA:83,0
DA:87,0
DA:88,0
DA:89,0
DA:93,0
DA:96,0
DA:101,0
DA:102,0
DA:103,0
DA:105,0
DA:108,0
DA:111,0
DA:114,0
DA:117,0
DA:120,0
DA:122,0
DA:123,0
DA:127,0
DA:128,0
DA:135,0
DA:140,0
DA:141,0
DA:142,0
DA:144,0
DA:146,0
DA:149,0
DA:152,0
DA:153,0
DA:157,0
DA:158,0
DA:162,0
DA:163,0
DA:164,0
DA:168,0
DA:170,0
DA:171,0
DA:172,0
DA:175,0
DA:176,0
DA:189,0
DA:190,0
DA:194,0
DA:195,0
DA:199,0
DA:200,0
DA:204,0
DA:205,0
DA:209,0
DA:210,0
DA:214,0
DA:219,0
DA:220,0
DA:228,0
DA:233,0
DA:235,0
DA:236,0
DA:239,0
DA:240,0
DA:241,0
DA:247,0
DA:251,0
DA:253,0
DA:254,0
DA:256,0
DA:259,0
DA:262,0
DA:263,0
DA:264,0
DA:269,0
DA:273,0
DA:275,0
DA:276,0
DA:277,0
DA:279,0
DA:280,0
DA:281,0
DA:282,0
DA:287,0
DA:288,0
DA:290,0
DA:292,0
DA:298,0
DA:300,0
LF:95
LH:0
end_of_record
SF:lib\data\services\wordlist_service.g.dart
DA:9,0
DA:15,0
LF:2
LH:0
end_of_record
SF:lib\data\models\prompt\default_tag_group_mappings.dart
DA:13,0
DA:15,0
DA:20,0
DA:25,0
DA:30,0
DA:35,0
DA:40,0
DA:45,0
DA:50,0
DA:55,0
DA:60,0
DA:65,0
DA:70,0
DA:75,0
DA:80,0
DA:85,0
DA:90,0
DA:95,0
DA:100,0
DA:109,0
DA:110,0
DA:111,0
DA:112,0
DA:113,0
DA:114,0
DA:118,0
DA:122,0
DA:123,0
DA:125,0
DA:134,0
DA:136,0
LF:31
LH:0
end_of_record
SF:lib\data\models\prompt\tag_group_mapping.dart
DA:13,0
DA:53,0
DA:54,0
DA:58,0
DA:61,0
DA:62,0
DA:65,0
DA:68,0
DA:69,0
DA:72,0
DA:73,0
DA:75,0
DA:79,0
DA:84,0
DA:85,0
DA:87,0
DA:89,0
DA:95,0
DA:98,0
DA:99,0
DA:104,0
DA:105,0
DA:106,0
DA:107,0
DA:108,0
DA:110,0
LF:26
LH:0
end_of_record
SF:lib\data\models\prompt\tag_group_mapping.g.dart
DA:9,0
DA:11,0
DA:12,0
DA:13,0
DA:14,0
DA:16,0
DA:17,0
DA:18,0
DA:19,0
DA:21,0
DA:22,0
DA:24,0
DA:25,0
DA:26,0
DA:27,0
DA:30,0
DA:32,0
DA:33,0
DA:34,0
DA:35,0
DA:36,0
DA:37,0
DA:38,0
DA:39,0
DA:40,0
DA:41,0
DA:42,0
DA:43,0
DA:44,0
LF:29
LH:0
end_of_record
SF:lib\data\models\prompt\tag_group_sync_config.dart
DA:14,0
DA:40,0
DA:41,0
DA:44,0
DA:47,0
DA:50,0
DA:51,0
DA:54,0
DA:56,0
DA:63,0
DA:65,0
DA:72,0
DA:73,0
DA:76,0
DA:77,0
DA:78,0
DA:79,0
DA:80,0
DA:85,0
DA:105,0
DA:106,0
DA:107,0
DA:108,0
DA:109,0
LF:24
LH:0
end_of_record
SF:lib\data\models\prompt\tag_group_sync_config.g.dart
DA:9,0
DA:11,0
DA:12,0
DA:13,0
DA:14,0
DA:15,0
DA:17,0
DA:18,0
DA:19,0
DA:21,0
DA:22,0
DA:23,0
DA:26,0
DA:28,0
DA:29,0
DA:30,0
DA:31,0
DA:32,0
DA:33,0
DA:34,0
DA:35,0
LF:21
LH:0
end_of_record
SF:lib\data\models\prompt\dependency_config.dart
DA:27,0
DA:55,0
DA:56,0
DA:62,0
DA:63,0
DA:64,0
DA:65,0
DA:68,0
DA:69,0
DA:76,0
DA:78,0
DA:79,0
DA:83,0
DA:84,0
DA:87,0
DA:88,0
DA:89,0
DA:90,0
DA:94,0
DA:95,0
DA:96,0
DA:97,0
DA:98,0
DA:105,0
DA:112,0
DA:113,0
DA:116,0
DA:117,0
DA:119,0
DA:125,0
DA:126,0
DA:128,0
DA:129,0
DA:131,0
DA:133,0
DA:135,0
DA:137,0
DA:138,0
LF:38
LH:0
end_of_record
SF:lib\data\models\prompt\dependency_config.g.dart
DA:9,0
DA:11,0
DA:12,0
DA:14,0
DA:15,0
DA:16,0
DA:17,0
DA:20,0
DA:21,0
DA:22,0
DA:25,0
DA:27,0
DA:28,0
DA:29,0
DA:30,0
DA:31,0
DA:32,0
DA:33,0
DA:34,0
LF:19
LH:0
end_of_record
SF:lib\data\models\prompt\pool_mapping.dart
DA:16,0
DA:50,0
DA:51,0
DA:54,0
DA:57,0
DA:58,0
DA:61,0
DA:64,0
DA:65,0
DA:66,0
DA:67,0
DA:69,0
DA:70,0
DA:71,0
DA:72,0
DA:73,0
DA:74,0
DA:75,0
DA:76,0
DA:78,0
LF:20
LH:0
end_of_record
SF:lib\data\models\prompt\pool_mapping.g.dart
DA:9,0
DA:10,0
DA:11,0
DA:12,0
DA:13,0
DA:14,0
DA:16,0
DA:17,0
DA:18,0
DA:19,0
DA:21,0
DA:22,0
DA:23,0
DA:25,0
DA:26,0
DA:29,0
DA:30,0
DA:31,0
DA:32,0
DA:33,0
DA:34,0
DA:35,0
DA:36,0
DA:37,0
DA:38,0
DA:39,0
DA:40,0
LF:27
LH:0
end_of_record
SF:lib\data\models\prompt\pool_output_config.dart
DA:11,7
DA:33,0
DA:34,0
DA:40,0
DA:41,0
DA:44,0
DA:46,0
DA:47,0
DA:48,0
DA:49,0
DA:54,0
LF:11
LH:1
end_of_record
SF:lib\data\models\prompt\pool_output_config.g.dart
DA:9,0
DA:11,0
DA:12,0
DA:13,0
DA:14,0
DA:15,0
DA:16,0
DA:17,0
DA:20,0
DA:22,0
DA:23,0
DA:24,0
DA:25,0
DA:26,0
DA:27,0
DA:28,0
LF:16
LH:0
end_of_record
SF:lib\data\models\prompt\wordlist_entry.dart
DA:10,1
DA:35,0
DA:36,0
DA:41,0
DA:42,0
DA:43,0
DA:44,0
DA:47,0
DA:48,0
DA:49,0
DA:50,0
DA:51,0
DA:52,0
DA:53,0
DA:54,0
DA:59,0
DA:62,0
DA:65,3
DA:68,3
DA:71,0
DA:75,0
DA:76,0
DA:77,0
DA:81,0
DA:82,0
DA:84,0
DA:86,0
DA:88,0
DA:89,0
DA:91,0
DA:92,0
DA:93,0
DA:94,0
DA:96,0
DA:101,0
DA:107,0
DA:108,0
DA:109,0
DA:110,0
DA:115,0
DA:116,0
DA:119,0
DA:120,0
DA:125,0
DA:126,0
DA:127,0
DA:128,0
LF:47
LH:3
end_of_record
SF:lib\data\models\prompt\wordlist_entry.g.dart
DA:9,0
DA:10,0
DA:11,0
DA:12,0
DA:13,0
DA:14,0
DA:15,0
DA:16,0
DA:17,0
DA:19,0
DA:20,0
DA:21,0
DA:24,0
DA:28,0
DA:29,0
DA:30,0
DA:31,0
DA:32,0
DA:33,0
DA:34,0
DA:35,0
DA:36,0
LF:22
LH:0
end_of_record
SF:lib\data\services\strategies\wordlist_generator_strategy.dart
DA:20,1
DA:22,1
DA:49,1
DA:54,1
DA:57,1
DA:58,1
DA:61,3
DA:62,1
DA:63,1
DA:64,1
DA:66,2
DA:88,1
DA:94,2
DA:97,1
DA:98,1
DA:100,1
DA:101,2
DA:103,3
DA:105,3
DA:106,1
DA:107,1
DA:108,1
DA:110,2
DA:111,1
DA:114,5
DA:130,1
DA:134,1
DA:137,4
DA:139,2
DA:141,1
DA:142,2
DA:143,2
DA:149,1
DA:150,2
DA:151,2
DA:157,1
DA:166,1
DA:170,1
DA:172,2
DA:173,1
DA:182,1
DA:186,2
LF:42
LH:42
end_of_record
